{"/home/travis/build/npmtest/node-npmtest-supererror/test.js":{"path":"/home/travis/build/npmtest/node-npmtest-supererror/test.js","s":{"1":2,"2":2,"3":2,"4":2,"5":2,"6":2,"7":2,"8":1,"9":2,"10":2,"11":1,"12":1,"13":1,"14":1,"15":2,"16":2,"17":2,"18":2,"19":1,"20":1,"21":2,"22":2,"23":2,"24":1,"25":1,"26":1,"27":1,"28":1,"29":1,"30":1,"31":1,"32":1,"33":1,"34":1,"35":1,"36":1,"37":1,"38":1,"39":2,"40":2,"41":1,"42":2,"43":2,"44":1,"45":2,"46":2,"47":1,"48":2,"49":2,"50":1,"51":1,"52":1,"53":1,"54":1},"b":{"1":[2,1,1,1],"2":[1,1,1,1],"3":[1,1],"4":[1,1],"5":[1,1],"6":[1,1],"7":[1,1],"8":[1,1],"9":[1,1],"10":[1,1,1],"11":[1,1],"12":[1,1],"13":[1,1],"14":[1,1],"15":[1,1],"16":[1,1],"17":[1,1]},"f":{"1":2,"2":2,"3":2,"4":2,"5":2,"6":1,"7":1,"8":1,"9":2,"10":2,"11":2,"12":2,"13":1},"fnMap":{"1":{"name":"(anonymous_1)","line":12,"loc":{"start":{"line":12,"column":1},"end":{"line":12,"column":13}}},"2":{"name":"(anonymous_2)","line":19,"loc":{"start":{"line":19,"column":5},"end":{"line":19,"column":17}}},"3":{"name":"(anonymous_3)","line":23,"loc":{"start":{"line":23,"column":24},"end":{"line":23,"column":36}}},"4":{"name":"(anonymous_4)","line":61,"loc":{"start":{"line":61,"column":5},"end":{"line":61,"column":17}}},"5":{"name":"(anonymous_5)","line":82,"loc":{"start":{"line":82,"column":5},"end":{"line":82,"column":17}}},"6":{"name":"(anonymous_6)","line":91,"loc":{"start":{"line":91,"column":77},"end":{"line":94,"column":10}}},"7":{"name":"(anonymous_7)","line":112,"loc":{"start":{"line":112,"column":83},"end":{"line":115,"column":10}},"skip":true},"8":{"name":"(anonymous_8)","line":123,"loc":{"start":{"line":123,"column":77},"end":{"line":126,"column":10}},"skip":true},"9":{"name":"(anonymous_9)","line":139,"loc":{"start":{"line":139,"column":12},"end":{"line":139,"column":40}},"skip":true},"10":{"name":"(anonymous_10)","line":147,"loc":{"start":{"line":147,"column":77},"end":{"line":150,"column":10}},"skip":true},"11":{"name":"(anonymous_11)","line":158,"loc":{"start":{"line":158,"column":83},"end":{"line":161,"column":10}},"skip":true},"12":{"name":"(anonymous_12)","line":169,"loc":{"start":{"line":169,"column":79},"end":{"line":172,"column":10}},"skip":true},"13":{"name":"(anonymous_13)","line":180,"loc":{"start":{"line":180,"column":75},"end":{"line":183,"column":10}},"skip":true}},"statementMap":{"1":{"start":{"line":12,"column":0},"end":{"line":195,"column":5}},"2":{"start":{"line":14,"column":4},"end":{"line":14,"column":14}},"3":{"start":{"line":19,"column":4},"end":{"line":56,"column":9}},"4":{"start":{"line":21,"column":8},"end":{"line":21,"column":19}},"5":{"start":{"line":23,"column":8},"end":{"line":35,"column":13}},"6":{"start":{"line":24,"column":12},"end":{"line":34,"column":13}},"7":{"start":{"line":25,"column":16},"end":{"line":28,"column":30}},"8":{"start":{"line":30,"column":16},"end":{"line":33,"column":27}},"9":{"start":{"line":37,"column":8},"end":{"line":39,"column":21}},"10":{"start":{"line":40,"column":8},"end":{"line":53,"column":9}},"11":{"start":{"line":43,"column":12},"end":{"line":46,"column":14}},"12":{"start":{"line":47,"column":12},"end":{"line":47,"column":18}},"13":{"start":{"line":50,"column":12},"end":{"line":51,"column":33}},"14":{"start":{"line":52,"column":12},"end":{"line":52,"column":18}},"15":{"start":{"line":55,"column":8},"end":{"line":55,"column":35}},"16":{"start":{"line":61,"column":4},"end":{"line":63,"column":9}},"17":{"start":{"line":62,"column":8},"end":{"line":62,"column":15}},"18":{"start":{"line":64,"column":4},"end":{"line":77,"column":5}},"19":{"start":{"line":70,"column":8},"end":{"line":70,"column":14}},"20":{"start":{"line":76,"column":8},"end":{"line":76,"column":14}},"21":{"start":{"line":82,"column":4},"end":{"line":84,"column":9}},"22":{"start":{"line":83,"column":8},"end":{"line":83,"column":15}},"23":{"start":{"line":85,"column":4},"end":{"line":194,"column":5}},"24":{"start":{"line":91,"column":8},"end":{"line":99,"column":10}},"25":{"start":{"line":98,"column":12},"end":{"line":98,"column":35}},"26":{"start":{"line":102,"column":8},"end":{"line":104,"column":63}},"27":{"start":{"line":105,"column":8},"end":{"line":105,"column":14}},"28":{"start":{"line":112,"column":8},"end":{"line":121,"column":10},"skip":true},"29":{"start":{"line":119,"column":12},"end":{"line":119,"column":55},"skip":true},"30":{"start":{"line":120,"column":12},"end":{"line":120,"column":48},"skip":true},"31":{"start":{"line":123,"column":8},"end":{"line":136,"column":10},"skip":true},"32":{"start":{"line":130,"column":12},"end":{"line":130,"column":76},"skip":true},"33":{"start":{"line":131,"column":12},"end":{"line":131,"column":73},"skip":true},"34":{"start":{"line":132,"column":12},"end":{"line":132,"column":74},"skip":true},"35":{"start":{"line":133,"column":12},"end":{"line":133,"column":79},"skip":true},"36":{"start":{"line":134,"column":12},"end":{"line":134,"column":25},"skip":true},"37":{"start":{"line":135,"column":12},"end":{"line":135,"column":45},"skip":true},"38":{"start":{"line":138,"column":8},"end":{"line":145,"column":14},"skip":true},"39":{"start":{"line":143,"column":16},"end":{"line":143,"column":29},"skip":true},"40":{"start":{"line":144,"column":16},"end":{"line":144,"column":55},"skip":true},"41":{"start":{"line":147,"column":8},"end":{"line":156,"column":10},"skip":true},"42":{"start":{"line":154,"column":12},"end":{"line":154,"column":25},"skip":true},"43":{"start":{"line":155,"column":12},"end":{"line":155,"column":45},"skip":true},"44":{"start":{"line":158,"column":8},"end":{"line":167,"column":10},"skip":true},"45":{"start":{"line":165,"column":12},"end":{"line":165,"column":25},"skip":true},"46":{"start":{"line":166,"column":12},"end":{"line":166,"column":48},"skip":true},"47":{"start":{"line":169,"column":8},"end":{"line":178,"column":10},"skip":true},"48":{"start":{"line":176,"column":12},"end":{"line":176,"column":25},"skip":true},"49":{"start":{"line":177,"column":12},"end":{"line":177,"column":46},"skip":true},"50":{"start":{"line":180,"column":8},"end":{"line":189,"column":10},"skip":true},"51":{"start":{"line":187,"column":12},"end":{"line":187,"column":94},"skip":true},"52":{"start":{"line":188,"column":12},"end":{"line":188,"column":48},"skip":true},"53":{"start":{"line":192,"column":8},"end":{"line":192,"column":35},"skip":true},"54":{"start":{"line":193,"column":8},"end":{"line":193,"column":14},"skip":true}},"branchMap":{"1":{"line":25,"type":"binary-expr","locations":[{"start":{"line":25,"column":23},"end":{"line":25,"column":62}},{"start":{"line":26,"column":20},"end":{"line":26,"column":70}},{"start":{"line":27,"column":20},"end":{"line":27,"column":71}},{"start":{"line":28,"column":20},"end":{"line":28,"column":29}}]},"2":{"line":30,"type":"binary-expr","locations":[{"start":{"line":30,"column":23},"end":{"line":30,"column":37}},{"start":{"line":31,"column":20},"end":{"line":31,"column":61}},{"start":{"line":32,"column":20},"end":{"line":32,"column":70}},{"start":{"line":33,"column":20},"end":{"line":33,"column":26}}]},"3":{"line":37,"type":"cond-expr","locations":[{"start":{"line":38,"column":14},"end":{"line":38,"column":20}},{"start":{"line":39,"column":14},"end":{"line":39,"column":20}}]},"4":{"line":40,"type":"switch","locations":[{"start":{"line":42,"column":8},"end":{"line":47,"column":18}},{"start":{"line":49,"column":8},"end":{"line":52,"column":18}}]},"5":{"line":44,"type":"binary-expr","locations":[{"start":{"line":44,"column":16},"end":{"line":44,"column":44}},{"start":{"line":44,"column":48},"end":{"line":44,"column":66}}]},"6":{"line":50,"type":"binary-expr","locations":[{"start":{"line":50,"column":21},"end":{"line":50,"column":49}},{"start":{"line":50,"column":53},"end":{"line":50,"column":72}}]},"7":{"line":64,"type":"switch","locations":[{"start":{"line":69,"column":4},"end":{"line":70,"column":14}},{"start":{"line":75,"column":4},"end":{"line":76,"column":14}}]},"8":{"line":85,"type":"switch","locations":[{"start":{"line":90,"column":4},"end":{"line":105,"column":14}},{"start":{"line":111,"column":4},"end":{"line":193,"column":14},"skip":true}]},"9":{"line":91,"type":"binary-expr","locations":[{"start":{"line":91,"column":42},"end":{"line":91,"column":73}},{"start":{"line":91,"column":77},"end":{"line":99,"column":9}}]},"10":{"line":102,"type":"binary-expr","locations":[{"start":{"line":102,"column":18},"end":{"line":102,"column":32}},{"start":{"line":103,"column":12},"end":{"line":103,"column":53}},{"start":{"line":104,"column":12},"end":{"line":104,"column":61}}]},"11":{"line":112,"type":"binary-expr","locations":[{"start":{"line":112,"column":45},"end":{"line":112,"column":79},"skip":true},{"start":{"line":112,"column":83},"end":{"line":121,"column":9},"skip":true}]},"12":{"line":123,"type":"binary-expr","locations":[{"start":{"line":123,"column":42},"end":{"line":123,"column":73},"skip":true},{"start":{"line":123,"column":77},"end":{"line":136,"column":9},"skip":true}]},"13":{"line":138,"type":"binary-expr","locations":[{"start":{"line":138,"column":48},"end":{"line":138,"column":85},"skip":true},{"start":{"line":139,"column":12},"end":{"line":145,"column":13},"skip":true}]},"14":{"line":147,"type":"binary-expr","locations":[{"start":{"line":147,"column":42},"end":{"line":147,"column":73},"skip":true},{"start":{"line":147,"column":77},"end":{"line":156,"column":9},"skip":true}]},"15":{"line":158,"type":"binary-expr","locations":[{"start":{"line":158,"column":45},"end":{"line":158,"column":79},"skip":true},{"start":{"line":158,"column":83},"end":{"line":167,"column":9},"skip":true}]},"16":{"line":169,"type":"binary-expr","locations":[{"start":{"line":169,"column":43},"end":{"line":169,"column":75},"skip":true},{"start":{"line":169,"column":79},"end":{"line":178,"column":9},"skip":true}]},"17":{"line":180,"type":"binary-expr","locations":[{"start":{"line":180,"column":41},"end":{"line":180,"column":71},"skip":true},{"start":{"line":180,"column":75},"end":{"line":189,"column":9},"skip":true}]}},"code":["/* istanbul instrument in package npmtest_supererror */","/*jslint","    bitwise: true,","    browser: true,","    maxerr: 8,","    maxlen: 96,","    node: true,","    nomen: true,","    regexp: true,","    stupid: true","*/","(function () {","    'use strict';","    var local;","","","","    // run shared js-env code - init-before","    (function () {","        // init local","        local = {};","        // init modeJs","        local.modeJs = (function () {","            try {","                return typeof navigator.userAgent === 'string' &&","                    typeof document.querySelector('body') === 'object' &&","                    typeof XMLHttpRequest.prototype.open === 'function' &&","                    'browser';","            } catch (errorCaughtBrowser) {","                return module.exports &&","                    typeof process.versions.node === 'string' &&","                    typeof require('http').createServer === 'function' &&","                    'node';","            }","        }());","        // init global","        local.global = local.modeJs === 'browser'","            ? window","            : global;","        switch (local.modeJs) {","        // re-init local from window.local","        case 'browser':","            local = local.global.utility2.objectSetDefault(","                local.global.utility2_rollup || local.global.local,","                local.global.utility2","            );","            break;","        // re-init local from example.js","        case 'node':","            local = (local.global.utility2_rollup || require('utility2'))","                .requireReadme();","            break;","        }","        // export local","        local.global.local = local;","    }());","","","","    // run shared js-env code - function","    (function () {","        return;","    }());","    switch (local.modeJs) {","","","","    // run browser js-env code - function","    case 'browser':","        break;","","","","    // run node js-env code - function","    case 'node':","        break;","    }","","","","    // run shared js-env code - init-after","    (function () {","        return;","    }());","    switch (local.modeJs) {","","","","    // run browser js-env code - init-after","    case 'browser':","        local.testCase_browser_nullCase = local.testCase_browser_nullCase || function (","            options,","            onError","        ) {","        /*","         * this function will test browsers's null-case handling-behavior-behavior","         */","            onError(null, options);","        };","","        // run tests","        local.nop(local.modeTest &&","            document.querySelector('#testRunButton1') &&","            document.querySelector('#testRunButton1').click());","        break;","","","","    // run node js-env code - init-after","    /* istanbul ignore next */","    case 'node':","        local.testCase_buildApidoc_default = local.testCase_buildApidoc_default || function (","            options,","            onError","        ) {","        /*","         * this function will test buildApidoc's default handling-behavior-behavior","         */","            options = { modulePathList: module.paths };","            local.buildApidoc(options, onError);","        };","","        local.testCase_buildApp_default = local.testCase_buildApp_default || function (","            options,","            onError","        ) {","        /*","         * this function will test buildApp's default handling-behavior-behavior","         */","            local.testCase_buildReadme_default(options, local.onErrorThrow);","            local.testCase_buildLib_default(options, local.onErrorThrow);","            local.testCase_buildTest_default(options, local.onErrorThrow);","            local.testCase_buildCustomOrg_default(options, local.onErrorThrow);","            options = [];","            local.buildApp(options, onError);","        };","","        local.testCase_buildCustomOrg_default = local.testCase_buildCustomOrg_default ||","            function (options, onError) {","            /*","             * this function will test buildCustomOrg's default handling-behavior","             */","                options = {};","                local.buildCustomOrg(options, onError);","            };","","        local.testCase_buildLib_default = local.testCase_buildLib_default || function (","            options,","            onError","        ) {","        /*","         * this function will test buildLib's default handling-behavior","         */","            options = {};","            local.buildLib(options, onError);","        };","","        local.testCase_buildReadme_default = local.testCase_buildReadme_default || function (","            options,","            onError","        ) {","        /*","         * this function will test buildReadme's default handling-behavior-behavior","         */","            options = {};","            local.buildReadme(options, onError);","        };","","        local.testCase_buildTest_default = local.testCase_buildTest_default || function (","            options,","            onError","        ) {","        /*","         * this function will test buildTest's default handling-behavior","         */","            options = {};","            local.buildTest(options, onError);","        };","","        local.testCase_webpage_default = local.testCase_webpage_default || function (","            options,","            onError","        ) {","        /*","         * this function will test webpage's default handling-behavior","         */","            options = { modeCoverageMerge: true, url: local.serverLocalHost + '?modeTest=1' };","            local.browserTest(options, onError);","        };","","        // run test-server","        local.testRunServer(local);","        break;","    }","}());",""],"l":{"12":2,"14":2,"19":2,"21":2,"23":2,"24":2,"25":2,"30":1,"37":2,"40":2,"43":1,"47":1,"50":1,"52":1,"55":2,"61":2,"62":2,"64":2,"70":1,"76":1,"82":2,"83":2,"85":2,"91":1,"98":1,"102":1,"105":1,"112":1,"119":1,"120":1,"123":1,"130":1,"131":1,"132":1,"133":1,"134":1,"135":1,"138":1,"143":2,"144":2,"147":1,"154":2,"155":2,"158":1,"165":2,"166":2,"169":1,"176":2,"177":2,"180":1,"187":1,"188":1,"192":1,"193":1}},"/home/travis/build/npmtest/node-npmtest-supererror/lib.npmtest_supererror.js":{"path":"/home/travis/build/npmtest/node-npmtest-supererror/lib.npmtest_supererror.js","s":{"1":2,"2":2,"3":2,"4":2,"5":2,"6":2,"7":2,"8":1,"9":2,"10":2,"11":2,"12":2,"13":1,"14":1,"15":1,"16":1},"b":{"1":[2,1,1,1],"2":[1,1,1,1],"3":[1,1],"4":[2,2],"5":[1,1]},"f":{"1":2,"2":2,"3":2},"fnMap":{"1":{"name":"(anonymous_1)","line":12,"loc":{"start":{"line":12,"column":1},"end":{"line":12,"column":13}}},"2":{"name":"(anonymous_2)","line":19,"loc":{"start":{"line":19,"column":5},"end":{"line":19,"column":17}}},"3":{"name":"(anonymous_3)","line":23,"loc":{"start":{"line":23,"column":24},"end":{"line":23,"column":36}}}},"statementMap":{"1":{"start":{"line":12,"column":0},"end":{"line":53,"column":5}},"2":{"start":{"line":14,"column":4},"end":{"line":14,"column":14}},"3":{"start":{"line":19,"column":4},"end":{"line":52,"column":9}},"4":{"start":{"line":21,"column":8},"end":{"line":21,"column":19}},"5":{"start":{"line":23,"column":8},"end":{"line":35,"column":13}},"6":{"start":{"line":24,"column":12},"end":{"line":34,"column":13}},"7":{"start":{"line":25,"column":16},"end":{"line":28,"column":30}},"8":{"start":{"line":30,"column":16},"end":{"line":33,"column":27}},"9":{"start":{"line":37,"column":8},"end":{"line":39,"column":21}},"10":{"start":{"line":41,"column":8},"end":{"line":41,"column":54}},"11":{"start":{"line":43,"column":8},"end":{"line":43,"column":55}},"12":{"start":{"line":45,"column":8},"end":{"line":51,"column":9}},"13":{"start":{"line":46,"column":12},"end":{"line":46,"column":61}},"14":{"start":{"line":48,"column":12},"end":{"line":48,"column":35}},"15":{"start":{"line":49,"column":12},"end":{"line":49,"column":49}},"16":{"start":{"line":50,"column":12},"end":{"line":50,"column":43}}},"branchMap":{"1":{"line":25,"type":"binary-expr","locations":[{"start":{"line":25,"column":23},"end":{"line":25,"column":62}},{"start":{"line":26,"column":20},"end":{"line":26,"column":70}},{"start":{"line":27,"column":20},"end":{"line":27,"column":71}},{"start":{"line":28,"column":20},"end":{"line":28,"column":29}}]},"2":{"line":30,"type":"binary-expr","locations":[{"start":{"line":30,"column":23},"end":{"line":30,"column":37}},{"start":{"line":31,"column":20},"end":{"line":31,"column":61}},{"start":{"line":32,"column":20},"end":{"line":32,"column":70}},{"start":{"line":33,"column":20},"end":{"line":33,"column":26}}]},"3":{"line":37,"type":"cond-expr","locations":[{"start":{"line":38,"column":14},"end":{"line":38,"column":20}},{"start":{"line":39,"column":14},"end":{"line":39,"column":20}}]},"4":{"line":41,"type":"binary-expr","locations":[{"start":{"line":41,"column":16},"end":{"line":41,"column":44}},{"start":{"line":41,"column":48},"end":{"line":41,"column":53}}]},"5":{"line":45,"type":"if","locations":[{"start":{"line":45,"column":8},"end":{"line":45,"column":8}},{"start":{"line":45,"column":8},"end":{"line":45,"column":8}}]}},"code":["/* istanbul instrument in package npmtest_supererror */","/*jslint","    bitwise: true,","    browser: true,","    maxerr: 8,","    maxlen: 96,","    node: true,","    nomen: true,","    regexp: true,","    stupid: true","*/","(function () {","    'use strict';","    var local;","","","","    // run shared js-env code - init-before","    (function () {","        // init local","        local = {};","        // init modeJs","        local.modeJs = (function () {","            try {","                return typeof navigator.userAgent === 'string' &&","                    typeof document.querySelector('body') === 'object' &&","                    typeof XMLHttpRequest.prototype.open === 'function' &&","                    'browser';","            } catch (errorCaughtBrowser) {","                return module.exports &&","                    typeof process.versions.node === 'string' &&","                    typeof require('http').createServer === 'function' &&","                    'node';","            }","        }());","        // init global","        local.global = local.modeJs === 'browser'","            ? window","            : global;","        // init utility2_rollup","        local = local.global.utility2_rollup || local;","        // init lib","        local.local = local.npmtest_supererror = local;","        // init exports","        if (local.modeJs === 'browser') {","            local.global.utility2_npmtest_supererror = local;","        } else {","            module.exports = local;","            module.exports.__dirname = __dirname;","            module.exports.module = module;","        }","    }());","}());",""],"l":{"12":2,"14":2,"19":2,"21":2,"23":2,"24":2,"25":2,"30":1,"37":2,"41":2,"43":2,"45":2,"46":1,"48":1,"49":1,"50":1}},"/home/travis/build/npmtest/node-npmtest-supererror/example.js":{"path":"/home/travis/build/npmtest/node-npmtest-supererror/example.js","s":{"1":2,"2":2,"3":2,"4":2,"5":2,"6":2,"7":2,"8":1,"9":2,"10":2,"11":2,"12":2,"13":1,"14":2,"15":2,"16":2,"17":2,"18":2,"19":0,"20":2,"21":1,"22":1,"23":1,"24":1,"25":1,"26":0,"27":0,"28":1,"29":1,"30":2,"31":0,"32":0,"33":0,"34":1,"35":2,"36":2,"37":3,"38":3,"39":3,"40":3,"41":0,"42":3,"43":3,"44":3,"45":1,"46":3,"47":1,"48":1,"49":1,"50":1,"51":1,"52":1,"53":1,"54":1,"55":1,"56":1,"57":0,"58":1,"59":6,"60":6,"61":1,"62":2,"63":0,"64":2,"65":1,"66":1,"67":0,"68":0,"69":0,"70":0,"71":0,"72":0,"73":0,"74":0,"75":0,"76":0,"77":0,"78":0,"79":0,"80":0,"81":0,"82":0,"83":0},"b":{"1":[2,1,1,1],"2":[1,1,1,1],"3":[1,1],"4":[2,2],"5":[1,1],"6":[1,1],"7":[2,0],"8":[2,1,1,1,1,1],"9":[0,2,0],"10":[1,1],"11":[2,1,1],"12":[1,0],"13":[0,2],"14":[2,0,0,0,0,0,0],"15":[0,3],"16":[3,0],"17":[1,1],"18":[0,1],"19":[1,2,0,2],"20":[1,0],"21":[1,1],"22":[0,0],"23":[0,0],"24":[0,0],"25":[0,0],"26":[0,0],"27":[0,0],"28":[0,0]},"f":{"1":2,"2":2,"3":2,"4":2,"5":2,"6":2,"7":3,"8":3,"9":3,"10":1,"11":6,"12":0},"fnMap":{"1":{"name":"(anonymous_1)","line":26,"loc":{"start":{"line":26,"column":1},"end":{"line":26,"column":13}}},"2":{"name":"(anonymous_2)","line":33,"loc":{"start":{"line":33,"column":5},"end":{"line":33,"column":17}}},"3":{"name":"(anonymous_3)","line":37,"loc":{"start":{"line":37,"column":24},"end":{"line":37,"column":36}}},"4":{"name":"(anonymous_4)","line":69,"loc":{"start":{"line":69,"column":31},"end":{"line":69,"column":48}},"skip":true},"5":{"name":"(anonymous_5)","line":78,"loc":{"start":{"line":78,"column":26},"end":{"line":78,"column":45}},"skip":true},"6":{"name":"(anonymous_6)","line":123,"loc":{"start":{"line":123,"column":33},"end":{"line":123,"column":48}},"skip":true},"7":{"name":"(anonymous_7)","line":125,"loc":{"start":{"line":125,"column":27},"end":{"line":125,"column":39}},"skip":true},"8":{"name":"(anonymous_8)","line":133,"loc":{"start":{"line":133,"column":59},"end":{"line":133,"column":74}},"skip":true},"9":{"name":"(anonymous_9)","line":143,"loc":{"start":{"line":143,"column":45},"end":{"line":143,"column":62}},"skip":true},"10":{"name":"(anonymous_10)","line":144,"loc":{"start":{"line":144,"column":73},"end":{"line":144,"column":92}},"skip":true},"11":{"name":"(anonymous_11)","line":272,"loc":{"start":{"line":272,"column":51},"end":{"line":272,"column":77}},"skip":true},"12":{"name":"(anonymous_12)","line":315,"loc":{"start":{"line":315,"column":32},"end":{"line":315,"column":61}},"skip":true}},"statementMap":{"1":{"start":{"line":26,"column":0},"end":{"line":326,"column":5}},"2":{"start":{"line":28,"column":4},"end":{"line":28,"column":14}},"3":{"start":{"line":33,"column":4},"end":{"line":60,"column":9}},"4":{"start":{"line":35,"column":8},"end":{"line":35,"column":19}},"5":{"start":{"line":37,"column":8},"end":{"line":49,"column":13}},"6":{"start":{"line":38,"column":12},"end":{"line":48,"column":13}},"7":{"start":{"line":39,"column":16},"end":{"line":42,"column":30}},"8":{"start":{"line":44,"column":16},"end":{"line":47,"column":27}},"9":{"start":{"line":51,"column":8},"end":{"line":53,"column":21}},"10":{"start":{"line":55,"column":8},"end":{"line":57,"column":45}},"11":{"start":{"line":59,"column":8},"end":{"line":59,"column":35}},"12":{"start":{"line":61,"column":4},"end":{"line":325,"column":5}},"13":{"start":{"line":69,"column":8},"end":{"line":121,"column":10},"skip":true},"14":{"start":{"line":70,"column":12},"end":{"line":88,"column":13},"skip":true},"15":{"start":{"line":76,"column":16},"end":{"line":87,"column":19},"skip":true},"16":{"start":{"line":79,"column":20},"end":{"line":86,"column":21},"skip":true},"17":{"start":{"line":82,"column":24},"end":{"line":82,"column":43},"skip":true},"18":{"start":{"line":83,"column":24},"end":{"line":83,"column":30},"skip":true},"19":{"start":{"line":85,"column":24},"end":{"line":85,"column":49},"skip":true},"20":{"start":{"line":89,"column":12},"end":{"line":107,"column":13},"skip":true},"21":{"start":{"line":92,"column":16},"end":{"line":102,"column":17},"skip":true},"22":{"start":{"line":93,"column":20},"end":{"line":93,"column":86},"skip":true},"23":{"start":{"line":94,"column":20},"end":{"line":95,"column":45},"skip":true},"24":{"start":{"line":96,"column":20},"end":{"line":96,"column":42},"skip":true},"25":{"start":{"line":97,"column":20},"end":{"line":97,"column":48},"skip":true},"26":{"start":{"line":100,"column":20},"end":{"line":100,"column":85},"skip":true},"27":{"start":{"line":101,"column":20},"end":{"line":101,"column":96},"skip":true},"28":{"start":{"line":103,"column":16},"end":{"line":103,"column":22},"skip":true},"29":{"start":{"line":106,"column":16},"end":{"line":106,"column":22},"skip":true},"30":{"start":{"line":108,"column":12},"end":{"line":120,"column":13},"skip":true},"31":{"start":{"line":114,"column":16},"end":{"line":119,"column":17},"skip":true},"32":{"start":{"line":116,"column":20},"end":{"line":116,"column":78},"skip":true},"33":{"start":{"line":118,"column":20},"end":{"line":118,"column":47},"skip":true},"34":{"start":{"line":123,"column":8},"end":{"line":141,"column":11},"skip":true},"35":{"start":{"line":124,"column":12},"end":{"line":124,"column":54},"skip":true},"36":{"start":{"line":125,"column":12},"end":{"line":140,"column":14},"skip":true},"37":{"start":{"line":126,"column":16},"end":{"line":126,"column":28},"skip":true},"38":{"start":{"line":127,"column":16},"end":{"line":127,"column":69},"skip":true},"39":{"start":{"line":128,"column":16},"end":{"line":128,"column":75},"skip":true},"40":{"start":{"line":129,"column":16},"end":{"line":131,"column":17},"skip":true},"41":{"start":{"line":130,"column":20},"end":{"line":130,"column":27},"skip":true},"42":{"start":{"line":133,"column":16},"end":{"line":137,"column":36},"skip":true},"43":{"start":{"line":134,"column":20},"end":{"line":136,"column":55},"skip":true},"44":{"start":{"line":139,"column":16},"end":{"line":139,"column":57},"skip":true},"45":{"start":{"line":143,"column":8},"end":{"line":147,"column":11},"skip":true},"46":{"start":{"line":144,"column":12},"end":{"line":146,"column":15},"skip":true},"47":{"start":{"line":145,"column":16},"end":{"line":145,"column":70},"skip":true},"48":{"start":{"line":149,"column":8},"end":{"line":149,"column":31},"skip":true},"49":{"start":{"line":150,"column":8},"end":{"line":150,"column":14},"skip":true},"50":{"start":{"line":158,"column":8},"end":{"line":158,"column":31},"skip":true},"51":{"start":{"line":160,"column":8},"end":{"line":160,"column":33},"skip":true},"52":{"start":{"line":161,"column":8},"end":{"line":161,"column":37},"skip":true},"53":{"start":{"line":162,"column":8},"end":{"line":162,"column":35},"skip":true},"54":{"start":{"line":164,"column":8},"end":{"line":164,"column":50},"skip":true},"55":{"start":{"line":166,"column":8},"end":{"line":256,"column":2},"skip":true},"56":{"start":{"line":258,"column":8},"end":{"line":286,"column":9},"skip":true},"57":{"start":{"line":259,"column":12},"end":{"line":269,"column":14},"skip":true},"58":{"start":{"line":271,"column":12},"end":{"line":285,"column":19},"skip":true},"59":{"start":{"line":274,"column":20},"end":{"line":274,"column":35},"skip":true},"60":{"start":{"line":275,"column":20},"end":{"line":284,"column":21},"skip":true},"61":{"start":{"line":277,"column":24},"end":{"line":277,"column":64},"skip":true},"62":{"start":{"line":279,"column":24},"end":{"line":279,"column":40},"skip":true},"63":{"start":{"line":281,"column":24},"end":{"line":281,"column":40},"skip":true},"64":{"start":{"line":283,"column":24},"end":{"line":283,"column":39},"skip":true},"65":{"start":{"line":288,"column":8},"end":{"line":290,"column":9},"skip":true},"66":{"start":{"line":289,"column":12},"end":{"line":289,"column":18},"skip":true},"67":{"start":{"line":291,"column":8},"end":{"line":293,"column":54},"skip":true},"68":{"start":{"line":296,"column":8},"end":{"line":301,"column":37},"skip":true},"69":{"start":{"line":303,"column":8},"end":{"line":303,"column":82},"skip":true},"70":{"start":{"line":306,"column":8},"end":{"line":308,"column":9},"skip":true},"71":{"start":{"line":307,"column":12},"end":{"line":307,"column":82},"skip":true},"72":{"start":{"line":310,"column":8},"end":{"line":312,"column":9},"skip":true},"73":{"start":{"line":311,"column":12},"end":{"line":311,"column":18},"skip":true},"74":{"start":{"line":313,"column":8},"end":{"line":313,"column":54},"skip":true},"75":{"start":{"line":314,"column":8},"end":{"line":314,"column":69},"skip":true},"76":{"start":{"line":315,"column":8},"end":{"line":323,"column":36},"skip":true},"77":{"start":{"line":316,"column":12},"end":{"line":316,"column":61},"skip":true},"78":{"start":{"line":317,"column":12},"end":{"line":320,"column":13},"skip":true},"79":{"start":{"line":318,"column":16},"end":{"line":318,"column":75},"skip":true},"80":{"start":{"line":319,"column":16},"end":{"line":319,"column":23},"skip":true},"81":{"start":{"line":321,"column":12},"end":{"line":321,"column":38},"skip":true},"82":{"start":{"line":322,"column":12},"end":{"line":322,"column":27},"skip":true},"83":{"start":{"line":324,"column":8},"end":{"line":324,"column":14},"skip":true}},"branchMap":{"1":{"line":39,"type":"binary-expr","locations":[{"start":{"line":39,"column":23},"end":{"line":39,"column":62}},{"start":{"line":40,"column":20},"end":{"line":40,"column":70}},{"start":{"line":41,"column":20},"end":{"line":41,"column":71}},{"start":{"line":42,"column":20},"end":{"line":42,"column":29}}]},"2":{"line":44,"type":"binary-expr","locations":[{"start":{"line":44,"column":23},"end":{"line":44,"column":37}},{"start":{"line":45,"column":20},"end":{"line":45,"column":61}},{"start":{"line":46,"column":20},"end":{"line":46,"column":70}},{"start":{"line":47,"column":20},"end":{"line":47,"column":26}}]},"3":{"line":51,"type":"cond-expr","locations":[{"start":{"line":52,"column":14},"end":{"line":52,"column":20}},{"start":{"line":53,"column":14},"end":{"line":53,"column":20}}]},"4":{"line":55,"type":"binary-expr","locations":[{"start":{"line":55,"column":16},"end":{"line":55,"column":44}},{"start":{"line":55,"column":49},"end":{"line":57,"column":43}}]},"5":{"line":55,"type":"cond-expr","locations":[{"start":{"line":56,"column":14},"end":{"line":56,"column":54}},{"start":{"line":57,"column":14},"end":{"line":57,"column":43}}]},"6":{"line":61,"type":"switch","locations":[{"start":{"line":68,"column":4},"end":{"line":150,"column":14},"skip":true},{"start":{"line":156,"column":4},"end":{"line":324,"column":14},"skip":true}]},"7":{"line":70,"type":"if","locations":[{"start":{"line":70,"column":12},"end":{"line":70,"column":12},"skip":true},{"start":{"line":70,"column":12},"end":{"line":70,"column":12},"skip":true}]},"8":{"line":70,"type":"binary-expr","locations":[{"start":{"line":70,"column":16},"end":{"line":70,"column":22},"skip":true},{"start":{"line":70,"column":27},"end":{"line":70,"column":32},"skip":true},{"start":{"line":71,"column":20},"end":{"line":71,"column":39},"skip":true},{"start":{"line":72,"column":20},"end":{"line":72,"column":49},"skip":true},{"start":{"line":73,"column":20},"end":{"line":73,"column":58},"skip":true},{"start":{"line":74,"column":20},"end":{"line":74,"column":69},"skip":true}]},"9":{"line":79,"type":"switch","locations":[{"start":{"line":80,"column":20},"end":{"line":80,"column":33},"skip":true},{"start":{"line":81,"column":20},"end":{"line":83,"column":30},"skip":true},{"start":{"line":84,"column":20},"end":{"line":85,"column":49},"skip":true}]},"10":{"line":89,"type":"switch","locations":[{"start":{"line":90,"column":12},"end":{"line":103,"column":22},"skip":true},{"start":{"line":105,"column":12},"end":{"line":106,"column":22},"skip":true}]},"11":{"line":89,"type":"binary-expr","locations":[{"start":{"line":89,"column":20},"end":{"line":89,"column":25},"skip":true},{"start":{"line":89,"column":29},"end":{"line":89,"column":48},"skip":true},{"start":{"line":89,"column":52},"end":{"line":89,"column":74},"skip":true}]},"12":{"line":92,"type":"if","locations":[{"start":{"line":92,"column":16},"end":{"line":92,"column":16},"skip":true},{"start":{"line":92,"column":16},"end":{"line":92,"column":16},"skip":true}]},"13":{"line":108,"type":"if","locations":[{"start":{"line":108,"column":12},"end":{"line":108,"column":12},"skip":true},{"start":{"line":108,"column":12},"end":{"line":108,"column":12},"skip":true}]},"14":{"line":108,"type":"binary-expr","locations":[{"start":{"line":108,"column":16},"end":{"line":108,"column":61},"skip":true},{"start":{"line":108,"column":66},"end":{"line":108,"column":72},"skip":true},{"start":{"line":108,"column":77},"end":{"line":108,"column":82},"skip":true},{"start":{"line":109,"column":20},"end":{"line":109,"column":39},"skip":true},{"start":{"line":110,"column":20},"end":{"line":110,"column":49},"skip":true},{"start":{"line":111,"column":20},"end":{"line":111,"column":58},"skip":true},{"start":{"line":112,"column":20},"end":{"line":112,"column":68},"skip":true}]},"15":{"line":129,"type":"if","locations":[{"start":{"line":129,"column":16},"end":{"line":129,"column":16},"skip":true},{"start":{"line":129,"column":16},"end":{"line":129,"column":16},"skip":true}]},"16":{"line":134,"type":"cond-expr","locations":[{"start":{"line":135,"column":26},"end":{"line":135,"column":29},"skip":true},{"start":{"line":136,"column":26},"end":{"line":136,"column":54},"skip":true}]},"17":{"line":164,"type":"binary-expr","locations":[{"start":{"line":164,"column":27},"end":{"line":164,"column":43},"skip":true},{"start":{"line":164,"column":47},"end":{"line":164,"column":49},"skip":true}]},"18":{"line":258,"type":"if","locations":[{"start":{"line":258,"column":8},"end":{"line":258,"column":8},"skip":true},{"start":{"line":258,"column":8},"end":{"line":258,"column":8},"skip":true}]},"19":{"line":275,"type":"switch","locations":[{"start":{"line":276,"column":20},"end":{"line":277,"column":64},"skip":true},{"start":{"line":278,"column":20},"end":{"line":279,"column":40},"skip":true},{"start":{"line":280,"column":20},"end":{"line":281,"column":40},"skip":true},{"start":{"line":282,"column":20},"end":{"line":283,"column":39},"skip":true}]},"20":{"line":288,"type":"if","locations":[{"start":{"line":288,"column":8},"end":{"line":288,"column":8},"skip":true},{"start":{"line":288,"column":8},"end":{"line":288,"column":8},"skip":true}]},"21":{"line":288,"type":"binary-expr","locations":[{"start":{"line":288,"column":12},"end":{"line":288,"column":40},"skip":true},{"start":{"line":288,"column":44},"end":{"line":288,"column":67},"skip":true}]},"22":{"line":292,"type":"binary-expr","locations":[{"start":{"line":292,"column":12},"end":{"line":292,"column":50},"skip":true},{"start":{"line":293,"column":12},"end":{"line":293,"column":53},"skip":true}]},"23":{"line":297,"type":"binary-expr","locations":[{"start":{"line":297,"column":12},"end":{"line":297,"column":68},"skip":true},{"start":{"line":298,"column":12},"end":{"line":301,"column":36},"skip":true}]},"24":{"line":303,"type":"binary-expr","locations":[{"start":{"line":303,"column":43},"end":{"line":303,"column":75},"skip":true},{"start":{"line":303,"column":79},"end":{"line":303,"column":81},"skip":true}]},"25":{"line":306,"type":"if","locations":[{"start":{"line":306,"column":8},"end":{"line":306,"column":8},"skip":true},{"start":{"line":306,"column":8},"end":{"line":306,"column":8},"skip":true}]},"26":{"line":310,"type":"if","locations":[{"start":{"line":310,"column":8},"end":{"line":310,"column":8},"skip":true},{"start":{"line":310,"column":8},"end":{"line":310,"column":8},"skip":true}]},"27":{"line":313,"type":"binary-expr","locations":[{"start":{"line":313,"column":27},"end":{"line":313,"column":43},"skip":true},{"start":{"line":313,"column":47},"end":{"line":313,"column":53},"skip":true}]},"28":{"line":317,"type":"if","locations":[{"start":{"line":317,"column":12},"end":{"line":317,"column":12},"skip":true},{"start":{"line":317,"column":12},"end":{"line":317,"column":12},"skip":true}]}},"code":["/*","example.js","","quickstart example","","instruction","    1. save this script as example.js","    2. run the shell command:","        $ npm install npmtest-supererror && PORT=8081 node example.js","    3. play with the browser-demo on http://127.0.0.1:8081","*/","","","","/* istanbul instrument in package npmtest_supererror */","/*jslint","    bitwise: true,","    browser: true,","    maxerr: 8,","    maxlen: 96,","    node: true,","    nomen: true,","    regexp: true,","    stupid: true","*/","(function () {","    'use strict';","    var local;","","","","    // run shared js-env code - init-before","    (function () {","        // init local","        local = {};","        // init modeJs","        local.modeJs = (function () {","            try {","                return typeof navigator.userAgent === 'string' &&","                    typeof document.querySelector('body') === 'object' &&","                    typeof XMLHttpRequest.prototype.open === 'function' &&","                    'browser';","            } catch (errorCaughtBrowser) {","                return module.exports &&","                    typeof process.versions.node === 'string' &&","                    typeof require('http').createServer === 'function' &&","                    'node';","            }","        }());","        // init global","        local.global = local.modeJs === 'browser'","            ? window","            : global;","        // init utility2_rollup","        local = local.global.utility2_rollup || (local.modeJs === 'browser'","            ? local.global.utility2_npmtest_supererror","            : global.utility2_moduleExports);","        // export local","        local.global.local = local;","    }());","    switch (local.modeJs) {","","","","    // init-after","    // run browser js-env code - init-after","    /* istanbul ignore next */","    case 'browser':","        local.testRunBrowser = function (event) {","            if (!event || (event &&","                    event.currentTarget &&","                    event.currentTarget.className &&","                    event.currentTarget.className.includes &&","                    event.currentTarget.className.includes('onreset'))) {","                // reset output","                Array.from(","                    document.querySelectorAll('body > .resettable')","                ).forEach(function (element) {","                    switch (element.tagName) {","                    case 'INPUT':","                    case 'TEXTAREA':","                        element.value = '';","                        break;","                    default:","                        element.textContent = '';","                    }","                });","            }","            switch (event && event.currentTarget && event.currentTarget.id) {","            case 'testRunButton1':","                // show tests","                if (document.querySelector('#testReportDiv1').style.display === 'none') {","                    document.querySelector('#testReportDiv1').style.display = 'block';","                    document.querySelector('#testRunButton1').textContent =","                        'hide internal test';","                    local.modeTest = true;","                    local.testRunDefault(local);","                // hide tests","                } else {","                    document.querySelector('#testReportDiv1').style.display = 'none';","                    document.querySelector('#testRunButton1').textContent = 'run internal test';","                }","                break;","            // custom-case","            default:","                break;","            }","            if (document.querySelector('#inputTextareaEval1') && (!event || (event &&","                    event.currentTarget &&","                    event.currentTarget.className &&","                    event.currentTarget.className.includes &&","                    event.currentTarget.className.includes('oneval')))) {","                // try to eval input-code","                try {","                    /*jslint evil: true*/","                    eval(document.querySelector('#inputTextareaEval1').value);","                } catch (errorCaught) {","                    console.error(errorCaught);","                }","            }","        };","        // log stderr and stdout to #outputTextareaStdout1","        ['error', 'log'].forEach(function (key) {","            console[key + '_original'] = console[key];","            console[key] = function () {","                var element;","                console[key + '_original'].apply(console, arguments);","                element = document.querySelector('#outputTextareaStdout1');","                if (!element) {","                    return;","                }","                // append text to #outputTextareaStdout1","                element.value += Array.from(arguments).map(function (arg) {","                    return typeof arg === 'string'","                        ? arg","                        : JSON.stringify(arg, null, 4);","                }).join(' ') + '\\n';","                // scroll textarea to bottom","                element.scrollTop = element.scrollHeight;","            };","        });","        // init event-handling","        ['change', 'click', 'keyup'].forEach(function (event) {","            Array.from(document.querySelectorAll('.on' + event)).forEach(function (element) {","                element.addEventListener(event, local.testRunBrowser);","            });","        });","        // run tests","        local.testRunBrowser();","        break;","","","","    // run node js-env code - init-after","    /* istanbul ignore next */","    case 'node':","        // export local","        module.exports = local;","        // require modules","        local.fs = require('fs');","        local.http = require('http');","        local.url = require('url');","        // init assets","        local.assetsDict = local.assetsDict || {};","        /* jslint-ignore-begin */","        local.assetsDict['/assets.index.template.html'] = '\\","<!doctype html>\\n\\","<html lang=\"en\">\\n\\","<head>\\n\\","<meta charset=\"UTF-8\">\\n\\","<meta name=\"viewport\" content=\"width=device-width, initial-scale=1\">\\n\\","<title>{{env.npm_package_name}} (v{{env.npm_package_version}})</title>\\n\\","<style>\\n\\","/*csslint\\n\\","    box-sizing: false,\\n\\","    universal-selector: false\\n\\","*/\\n\\","* {\\n\\","    box-sizing: border-box;\\n\\","}\\n\\","body {\\n\\","    background: #dde;\\n\\","    font-family: Arial, Helvetica, sans-serif;\\n\\","    margin: 2rem;\\n\\","}\\n\\","body > * {\\n\\","    margin-bottom: 1rem;\\n\\","}\\n\\",".utility2FooterDiv {\\n\\","    margin-top: 20px;\\n\\","    text-align: center;\\n\\","}\\n\\","</style>\\n\\","<style>\\n\\","/*csslint\\n\\","*/\\n\\","textarea {\\n\\","    font-family: monospace;\\n\\","    height: 10rem;\\n\\","    width: 100%;\\n\\","}\\n\\","textarea[readonly] {\\n\\","    background: #ddd;\\n\\","}\\n\\","</style>\\n\\","</head>\\n\\","<body>\\n\\","<!-- utility2-comment\\n\\","<div id=\"ajaxProgressDiv1\" style=\"background: #d00; height: 2px; left: 0; margin: 0; padding: 0; position: fixed; top: 0; transition: background 0.5s, width 1.5s; width: 25%;\"></div>\\n\\","utility2-comment -->\\n\\","<h1>\\n\\","<!-- utility2-comment\\n\\","    <a\\n\\","        {{#if env.npm_package_homepage}}\\n\\","        href=\"{{env.npm_package_homepage}}\"\\n\\","        {{/if env.npm_package_homepage}}\\n\\","        target=\"_blank\"\\n\\","    >\\n\\","utility2-comment -->\\n\\","        {{env.npm_package_name}} (v{{env.npm_package_version}})\\n\\","<!-- utility2-comment\\n\\","    </a>\\n\\","utility2-comment -->\\n\\","</h1>\\n\\","<h3>{{env.npm_package_description}}</h3>\\n\\","<!-- utility2-comment\\n\\","<h4><a download href=\"assets.app.js\">download standalone app</a></h4>\\n\\","<button class=\"onclick onreset\" id=\"testRunButton1\">run internal test</button><br>\\n\\","<div id=\"testReportDiv1\" style=\"display: none;\"></div>\\n\\","utility2-comment -->\\n\\","\\n\\","\\n\\","\\n\\","<label>stderr and stdout</label>\\n\\","<textarea class=\"resettable\" id=\"outputTextareaStdout1\" readonly></textarea>\\n\\","<!-- utility2-comment\\n\\","{{#if isRollup}}\\n\\","<script src=\"assets.app.js\"></script>\\n\\","{{#unless isRollup}}\\n\\","utility2-comment -->\\n\\","<script src=\"assets.utility2.rollup.js\"></script>\\n\\","<script src=\"jsonp.utility2._stateInit?callback=window.utility2._stateInit\"></script>\\n\\","<script src=\"assets.npmtest_supererror.rollup.js\"></script>\\n\\","<script src=\"assets.example.js\"></script>\\n\\","<script src=\"assets.test.js\"></script>\\n\\","<!-- utility2-comment\\n\\","{{/if isRollup}}\\n\\","utility2-comment -->\\n\\","<div class=\"utility2FooterDiv\">\\n\\","    [ this app was created with\\n\\","    <a href=\"https://github.com/kaizhu256/node-utility2\" target=\"_blank\">utility2</a>\\n\\","    ]\\n\\","</div>\\n\\","</body>\\n\\","</html>\\n\\","';","        /* jslint-ignore-end */","        if (local.templateRender) {","            local.assetsDict['/'] = local.templateRender(","                local.assetsDict['/assets.index.template.html'],","                {","                    env: local.objectSetDefault(local.env, {","                        npm_package_description: 'the greatest app in the world!',","                        npm_package_name: 'my-app',","                        npm_package_nameAlias: 'my_app',","                        npm_package_version: '0.0.1'","                    })","                }","            );","        } else {","            local.assetsDict['/'] = local.assetsDict['/assets.index.template.html']","                .replace((/\\{\\{env\\.(\\w+?)\\}\\}/g), function (match0, match1) {","                    // jslint-hack","                    String(match0);","                    switch (match1) {","                    case 'npm_package_description':","                        return 'the greatest app in the world!';","                    case 'npm_package_name':","                        return 'my-app';","                    case 'npm_package_nameAlias':","                        return 'my_app';","                    case 'npm_package_version':","                        return '0.0.1';","                    }","                });","        }","        // run the cli","        if (local.global.utility2_rollup || module !== require.main) {","            break;","        }","        local.assetsDict['/assets.example.js'] =","            local.assetsDict['/assets.example.js'] ||","            local.fs.readFileSync(__filename, 'utf8');","        // bug-workaround - long $npm_package_buildCustomOrg","        /* jslint-ignore-begin */","        local.assetsDict['/assets.npmtest_supererror.rollup.js'] =","            local.assetsDict['/assets.npmtest_supererror.rollup.js'] ||","            local.fs.readFileSync(","                local.npmtest_supererror.__dirname + '/lib.npmtest_supererror.js',","                'utf8'","            ).replace((/^#!/), '//');","        /* jslint-ignore-end */","        local.assetsDict['/favicon.ico'] = local.assetsDict['/favicon.ico'] || '';","        // if $npm_config_timeout_exit exists,","        // then exit this process after $npm_config_timeout_exit ms","        if (Number(process.env.npm_config_timeout_exit)) {","            setTimeout(process.exit, Number(process.env.npm_config_timeout_exit));","        }","        // start server","        if (local.global.utility2_serverHttp1) {","            break;","        }","        process.env.PORT = process.env.PORT || '8081';","        console.error('server starting on port ' + process.env.PORT);","        local.http.createServer(function (request, response) {","            request.urlParsed = local.url.parse(request.url);","            if (local.assetsDict[request.urlParsed.pathname] !== undefined) {","                response.end(local.assetsDict[request.urlParsed.pathname]);","                return;","            }","            response.statusCode = 404;","            response.end();","        }).listen(process.env.PORT);","        break;","    }","}());",""],"l":{"26":2,"28":2,"33":2,"35":2,"37":2,"38":2,"39":2,"44":1,"51":2,"55":2,"59":2,"61":2,"69":1,"70":2,"76":2,"79":2,"82":2,"83":2,"85":1,"89":2,"92":1,"93":1,"94":1,"96":1,"97":1,"100":1,"101":1,"103":1,"106":1,"108":2,"114":1,"116":1,"118":1,"123":1,"124":2,"125":2,"126":3,"127":3,"128":3,"129":3,"130":1,"133":3,"134":3,"139":3,"143":1,"144":3,"145":1,"149":1,"150":1,"158":1,"160":1,"161":1,"162":1,"164":1,"166":1,"258":1,"259":1,"271":1,"274":6,"275":6,"277":1,"279":2,"281":1,"283":2,"288":1,"289":1,"291":1,"296":1,"303":1,"306":1,"307":1,"310":1,"311":1,"313":1,"314":1,"315":1,"316":1,"317":1,"318":1,"319":1,"321":1,"322":1,"324":1}},"/home/travis/build/npmtest/node-npmtest-supererror/node_modules/supererror/index.js":{"path":"/home/travis/build/npmtest/node-npmtest-supererror/node_modules/supererror/index.js","s":{"1":1,"2":1,"3":1,"4":1,"5":0,"6":0,"7":0,"8":0,"9":0,"10":0,"11":0,"12":1,"13":1,"14":26,"15":26,"16":26,"17":0,"18":26,"19":26,"20":26,"21":26,"22":0,"23":0,"24":26,"25":26,"26":26,"27":0,"28":0,"29":26,"30":26,"31":26,"32":1,"33":26,"34":26,"35":1,"36":25,"37":26,"38":26,"39":13,"40":26,"41":13,"42":26,"43":26,"44":1,"45":1,"46":0,"47":1,"48":26,"49":1,"50":0,"51":0,"52":0,"53":0,"54":0,"55":0},"b":{"1":[0,0],"2":[26,0],"3":[0,26],"4":[0,26],"5":[26,0],"6":[0,26],"7":[1,25],"8":[1,25],"9":[13,13],"10":[13,13],"11":[1,25],"12":[0,1],"13":[1,0],"14":[0,0],"15":[0,0]},"f":{"1":0,"2":0,"3":26,"4":1,"5":0},"fnMap":{"1":{"name":"splatchError","line":16,"loc":{"start":{"line":16,"column":0},"end":{"line":16,"column":29}}},"2":{"name":"(anonymous_2)","line":18,"loc":{"start":{"line":18,"column":46},"end":{"line":18,"column":61}}},"3":{"name":"(anonymous_3)","line":28,"loc":{"start":{"line":28,"column":16},"end":{"line":28,"column":28}}},"4":{"name":"(anonymous_4)","line":74,"loc":{"start":{"line":74,"column":57},"end":{"line":74,"column":70}}},"5":{"name":"(anonymous_5)","line":83,"loc":{"start":{"line":83,"column":27},"end":{"line":83,"column":47}}}},"statementMap":{"1":{"start":{"line":5,"column":0},"end":{"line":5,"column":18}},"2":{"start":{"line":7,"column":0},"end":{"line":8,"column":27}},"3":{"start":{"line":10,"column":0},"end":{"line":14,"column":2}},"4":{"start":{"line":16,"column":0},"end":{"line":25,"column":1}},"5":{"start":{"line":17,"column":4},"end":{"line":17,"column":21}},"6":{"start":{"line":18,"column":4},"end":{"line":22,"column":28}},"7":{"start":{"line":19,"column":8},"end":{"line":19,"column":30}},"8":{"start":{"line":20,"column":8},"end":{"line":20,"column":64}},"9":{"start":{"line":20,"column":36},"end":{"line":20,"column":64}},"10":{"start":{"line":21,"column":8},"end":{"line":21,"column":28}},"11":{"start":{"line":24,"column":4},"end":{"line":24,"column":37}},"12":{"start":{"line":27,"column":0},"end":{"line":27,"column":34}},"13":{"start":{"line":28,"column":0},"end":{"line":81,"column":2}},"14":{"start":{"line":29,"column":4},"end":{"line":29,"column":66}},"15":{"start":{"line":30,"column":4},"end":{"line":30,"column":19}},"16":{"start":{"line":32,"column":4},"end":{"line":32,"column":70}},"17":{"start":{"line":32,"column":27},"end":{"line":32,"column":70}},"18":{"start":{"line":35,"column":4},"end":{"line":35,"column":17}},"19":{"start":{"line":36,"column":4},"end":{"line":36,"column":52}},"20":{"start":{"line":36,"column":27},"end":{"line":36,"column":52}},"21":{"start":{"line":39,"column":4},"end":{"line":42,"column":5}},"22":{"start":{"line":40,"column":8},"end":{"line":40,"column":24}},"23":{"start":{"line":41,"column":8},"end":{"line":41,"column":15}},"24":{"start":{"line":45,"column":4},"end":{"line":51,"column":5}},"25":{"start":{"line":46,"column":8},"end":{"line":46,"column":52}},"26":{"start":{"line":47,"column":8},"end":{"line":50,"column":9}},"27":{"start":{"line":48,"column":12},"end":{"line":48,"column":79}},"28":{"start":{"line":49,"column":12},"end":{"line":49,"column":46}},"29":{"start":{"line":54,"column":4},"end":{"line":54,"column":20}},"30":{"start":{"line":55,"column":4},"end":{"line":59,"column":5}},"31":{"start":{"line":56,"column":8},"end":{"line":58,"column":9}},"32":{"start":{"line":57,"column":12},"end":{"line":57,"column":40}},"33":{"start":{"line":61,"column":4},"end":{"line":67,"column":5}},"34":{"start":{"line":62,"column":8},"end":{"line":66,"column":9}},"35":{"start":{"line":63,"column":12},"end":{"line":63,"column":40}},"36":{"start":{"line":65,"column":12},"end":{"line":65,"column":32}},"37":{"start":{"line":69,"column":4},"end":{"line":69,"column":47}},"38":{"start":{"line":70,"column":4},"end":{"line":70,"column":86}},"39":{"start":{"line":70,"column":31},"end":{"line":70,"column":86}},"40":{"start":{"line":71,"column":4},"end":{"line":71,"column":75}},"41":{"start":{"line":71,"column":34},"end":{"line":71,"column":75}},"42":{"start":{"line":72,"column":4},"end":{"line":72,"column":46}},"43":{"start":{"line":74,"column":4},"end":{"line":78,"column":8}},"44":{"start":{"line":74,"column":27},"end":{"line":78,"column":8}},"45":{"start":{"line":75,"column":8},"end":{"line":75,"column":64}},"46":{"start":{"line":75,"column":34},"end":{"line":75,"column":64}},"47":{"start":{"line":77,"column":8},"end":{"line":77,"column":84}},"48":{"start":{"line":80,"column":4},"end":{"line":80,"column":39}},"49":{"start":{"line":83,"column":0},"end":{"line":90,"column":2}},"50":{"start":{"line":84,"column":4},"end":{"line":84,"column":45}},"51":{"start":{"line":84,"column":38},"end":{"line":84,"column":45}},"52":{"start":{"line":85,"column":4},"end":{"line":85,"column":42}},"53":{"start":{"line":85,"column":35},"end":{"line":85,"column":42}},"54":{"start":{"line":87,"column":4},"end":{"line":89,"column":5}},"55":{"start":{"line":88,"column":8},"end":{"line":88,"column":33}}},"branchMap":{"1":{"line":20,"type":"if","locations":[{"start":{"line":20,"column":8},"end":{"line":20,"column":8}},{"start":{"line":20,"column":8},"end":{"line":20,"column":8}}]},"2":{"line":29,"type":"cond-expr","locations":[{"start":{"line":29,"column":34},"end":{"line":29,"column":60}},{"start":{"line":29,"column":63},"end":{"line":29,"column":65}}]},"3":{"line":32,"type":"if","locations":[{"start":{"line":32,"column":4},"end":{"line":32,"column":4}},{"start":{"line":32,"column":4},"end":{"line":32,"column":4}}]},"4":{"line":39,"type":"if","locations":[{"start":{"line":39,"column":4},"end":{"line":39,"column":4}},{"start":{"line":39,"column":4},"end":{"line":39,"column":4}}]},"5":{"line":45,"type":"if","locations":[{"start":{"line":45,"column":4},"end":{"line":45,"column":4}},{"start":{"line":45,"column":4},"end":{"line":45,"column":4}}]},"6":{"line":47,"type":"if","locations":[{"start":{"line":47,"column":8},"end":{"line":47,"column":8}},{"start":{"line":47,"column":8},"end":{"line":47,"column":8}}]},"7":{"line":56,"type":"if","locations":[{"start":{"line":56,"column":8},"end":{"line":56,"column":8}},{"start":{"line":56,"column":8},"end":{"line":56,"column":8}}]},"8":{"line":62,"type":"if","locations":[{"start":{"line":62,"column":8},"end":{"line":62,"column":8}},{"start":{"line":62,"column":8},"end":{"line":62,"column":8}}]},"9":{"line":70,"type":"if","locations":[{"start":{"line":70,"column":4},"end":{"line":70,"column":4}},{"start":{"line":70,"column":4},"end":{"line":70,"column":4}}]},"10":{"line":71,"type":"if","locations":[{"start":{"line":71,"column":4},"end":{"line":71,"column":4}},{"start":{"line":71,"column":4},"end":{"line":71,"column":4}}]},"11":{"line":74,"type":"if","locations":[{"start":{"line":74,"column":4},"end":{"line":74,"column":4}},{"start":{"line":74,"column":4},"end":{"line":74,"column":4}}]},"12":{"line":75,"type":"if","locations":[{"start":{"line":75,"column":8},"end":{"line":75,"column":8}},{"start":{"line":75,"column":8},"end":{"line":75,"column":8}}]},"13":{"line":77,"type":"cond-expr","locations":[{"start":{"line":77,"column":35},"end":{"line":77,"column":44}},{"start":{"line":77,"column":47},"end":{"line":77,"column":49}}]},"14":{"line":84,"type":"if","locations":[{"start":{"line":84,"column":4},"end":{"line":84,"column":4}},{"start":{"line":84,"column":4},"end":{"line":84,"column":4}}]},"15":{"line":85,"type":"if","locations":[{"start":{"line":85,"column":4},"end":{"line":85,"column":4}},{"start":{"line":85,"column":4},"end":{"line":85,"column":4}}]}},"code":["/* jslint node:true */","","'use strict';","","require('colors');","","var prettyjson = require('prettyjson'),","    util = require('util');","","var options = {","    errorTag: 'ERROR'.red.bold,","    timestamp: false,","    splatchError: false","};","","function splatchError(error) {","    var result = { };","    Object.getOwnPropertyNames(error).forEach(function (key) {","        var value = this[key];","        if (value instanceof Error) value = splatchError(value);","        result[key] = value;","    }, error /* thisArg */);","","    return prettyjson.render(result);","};","","var originalError = console.error;","console.error = function () {","    var args = options.errorTag ? [String(options.errorTag)] : [];","    var arg = null;","","    if (options.timestamp) args.push((new Date()).toISOString().bold);","","    // convert arguments into real Array","    var tmp = [];","    for (arg in arguments) tmp.push(arguments[arg]);","","    // just print empty logs like this","    if (tmp.length === 0) {","        originalError();","        return;","    }","","    // check for string interpolation","    if (tmp[0]) {","        var match = String(tmp[0]).match(/%[sdj]/g);","        if (match) {","            args.push(util.format.apply(null, tmp.slice(0, match.length + 1)));","            tmp = tmp.slice(match.length + 1);","        }","    }","","    // extract errors","    var errors = [];","    for (arg in arguments) {","        if (arguments[arg] instanceof Error) {","            errors.push(arguments[arg]);","        }","    }","","    for (arg in tmp) {","        if (tmp[arg] instanceof Error) {","            args.push(tmp[arg].message);","        } else {","            args.push(tmp[arg]);","        }","    }","","    var pos = new Error().stack.split('\\n')[2];","    if (pos.indexOf('(') >= 0) pos = pos.slice(pos.indexOf('(') + 1).replace(')', '');","    if (pos.indexOf(' at ') >= 0) pos = pos.slice(pos.indexOf(' at ') + 4);","    args.push(String('[ ' + pos + ' ]').bold);","","    if (errors.length > 0) args = args.concat(errors.map(function (e) {","        if (options.splatchError) return '\\n' + splatchError(e);","","        return '\\n' + (e.message ? e.message : '').italic.bold + ' ' + e.stack.grey;","    }));","","    originalError.apply(console, args);","};","","module.exports = exports = function (_options) {","    if (typeof _options !== 'object') return;","    if (_options instanceof Array) return;","","    for (var p in _options) {","        options[p] = _options[p];","    }","};",""],"l":{"5":1,"7":1,"10":1,"16":1,"17":0,"18":0,"19":0,"20":0,"21":0,"24":0,"27":1,"28":1,"29":26,"30":26,"32":26,"35":26,"36":26,"39":26,"40":0,"41":0,"45":26,"46":26,"47":26,"48":0,"49":0,"54":26,"55":26,"56":26,"57":1,"61":26,"62":26,"63":1,"65":25,"69":26,"70":26,"71":26,"72":26,"74":26,"75":1,"77":1,"80":26,"83":1,"84":0,"85":0,"87":0,"88":0}},"/home/travis/build/npmtest/node-npmtest-supererror/node_modules/supererror/node_modules/colors/lib/index.js":{"path":"/home/travis/build/npmtest/node-npmtest-supererror/node_modules/supererror/node_modules/colors/lib/index.js","s":{"1":1,"2":1,"3":1},"b":{},"f":{},"fnMap":{},"statementMap":{"1":{"start":{"line":1,"column":0},"end":{"line":1,"column":33}},"2":{"start":{"line":2,"column":0},"end":{"line":2,"column":27}},"3":{"start":{"line":12,"column":0},"end":{"line":12,"column":37}}},"branchMap":{},"code":["var colors = require('./colors');","module['exports'] = colors;","","// Remark: By default, colors will add style properties to String.prototype","//","// If you don't wish to extend String.prototype you can do this instead and native String will not be touched","//","//   var colors = require('colors/safe);","//   colors.red(\"foo\")","//","//","require('./extendStringPrototype')();"],"l":{"1":1,"2":1,"12":1}},"/home/travis/build/npmtest/node-npmtest-supererror/node_modules/supererror/node_modules/colors/lib/colors.js":{"path":"/home/travis/build/npmtest/node-npmtest-supererror/node_modules/supererror/node_modules/colors/lib/colors.js","s":{"1":1,"2":1,"3":1,"4":1,"5":1,"6":1,"7":1,"8":1,"9":1,"10":0,"11":1,"12":31,"13":0,"14":31,"15":1,"16":1,"17":34,"18":0,"19":34,"20":1,"21":0,"22":0,"23":0,"24":0,"25":0,"26":1,"27":1,"28":1,"29":1,"30":34,"31":34,"32":0,"33":1,"34":1,"35":1,"36":0,"37":0,"38":0,"39":0,"40":0,"41":0,"42":0,"43":0,"44":0,"45":0,"46":0,"47":0,"48":0,"49":0,"50":1,"51":0,"52":0,"53":0,"54":0,"55":0,"56":0,"57":0,"58":0,"59":0,"60":1,"61":0,"62":0,"63":0,"64":0,"65":0,"66":0,"67":0,"68":0,"69":1,"70":1,"71":1,"72":34,"73":0,"74":1,"75":1,"76":0,"77":0,"78":0,"79":1,"80":1,"81":1,"82":1,"83":1,"84":1,"85":1,"86":1,"87":4,"88":4,"89":0,"90":1},"b":{"1":[1,0],"2":[0,31],"3":[0,34],"4":[0,0],"5":[0,0],"6":[0,0],"7":[0,0],"8":[0,0],"9":[0,0]},"f":{"1":0,"2":31,"3":34,"4":0,"5":0,"6":1,"7":34,"8":0,"9":0,"10":0,"11":0,"12":0,"13":0,"14":0,"15":1,"16":34,"17":0,"18":0,"19":4,"20":0},"fnMap":{"1":{"name":"(anonymous_1)","line":45,"loc":{"start":{"line":45,"column":36},"end":{"line":45,"column":49}}},"2":{"name":"stylize","line":50,"loc":{"start":{"line":50,"column":31},"end":{"line":50,"column":61}}},"3":{"name":"(anonymous_3)","line":59,"loc":{"start":{"line":59,"column":25},"end":{"line":59,"column":40}}},"4":{"name":"build","line":66,"loc":{"start":{"line":66,"column":0},"end":{"line":66,"column":24}}},"5":{"name":"builder","line":67,"loc":{"start":{"line":67,"column":16},"end":{"line":67,"column":35}}},"6":{"name":"(anonymous_6)","line":77,"loc":{"start":{"line":77,"column":14},"end":{"line":77,"column":26}}},"7":{"name":"(anonymous_7)","line":80,"loc":{"start":{"line":80,"column":34},"end":{"line":80,"column":49}}},"8":{"name":"(anonymous_8)","line":83,"loc":{"start":{"line":83,"column":11},"end":{"line":83,"column":23}}},"9":{"name":"colors","line":91,"loc":{"start":{"line":91,"column":24},"end":{"line":91,"column":42}}},"10":{"name":"applyStyle","line":93,"loc":{"start":{"line":93,"column":0},"end":{"line":93,"column":22}}},"11":{"name":"applyTheme","line":118,"loc":{"start":{"line":118,"column":0},"end":{"line":118,"column":28}}},"12":{"name":"(anonymous_12)","line":120,"loc":{"start":{"line":120,"column":5},"end":{"line":120,"column":20}}},"13":{"name":"(anonymous_13)","line":121,"loc":{"start":{"line":121,"column":22},"end":{"line":121,"column":35}}},"14":{"name":"(anonymous_14)","line":135,"loc":{"start":{"line":135,"column":18},"end":{"line":135,"column":35}}},"15":{"name":"init","line":150,"loc":{"start":{"line":150,"column":0},"end":{"line":150,"column":16}}},"16":{"name":"(anonymous_16)","line":152,"loc":{"start":{"line":152,"column":30},"end":{"line":152,"column":46}}},"17":{"name":"(anonymous_17)","line":154,"loc":{"start":{"line":154,"column":11},"end":{"line":154,"column":23}}},"18":{"name":"sequencer","line":162,"loc":{"start":{"line":162,"column":16},"end":{"line":162,"column":46}}},"19":{"name":"(anonymous_19)","line":180,"loc":{"start":{"line":180,"column":3},"end":{"line":180,"column":16}}},"20":{"name":"(anonymous_20)","line":181,"loc":{"start":{"line":181,"column":18},"end":{"line":181,"column":33}}}},"statementMap":{"1":{"start":{"line":31,"column":0},"end":{"line":31,"column":16}},"2":{"start":{"line":32,"column":0},"end":{"line":32,"column":27}},"3":{"start":{"line":34,"column":0},"end":{"line":34,"column":19}},"4":{"start":{"line":36,"column":0},"end":{"line":36,"column":53}},"5":{"start":{"line":37,"column":0},"end":{"line":37,"column":42}},"6":{"start":{"line":39,"column":0},"end":{"line":39,"column":59}},"7":{"start":{"line":41,"column":0},"end":{"line":43,"column":1}},"8":{"start":{"line":42,"column":2},"end":{"line":42,"column":40}},"9":{"start":{"line":45,"column":0},"end":{"line":47,"column":2}},"10":{"start":{"line":46,"column":2},"end":{"line":46,"column":47}},"11":{"start":{"line":50,"column":0},"end":{"line":56,"column":1}},"12":{"start":{"line":51,"column":2},"end":{"line":53,"column":3}},"13":{"start":{"line":52,"column":4},"end":{"line":52,"column":18}},"14":{"start":{"line":55,"column":2},"end":{"line":55,"column":64}},"15":{"start":{"line":58,"column":0},"end":{"line":58,"column":45}},"16":{"start":{"line":59,"column":0},"end":{"line":64,"column":1}},"17":{"start":{"line":60,"column":2},"end":{"line":62,"column":3}},"18":{"start":{"line":61,"column":4},"end":{"line":61,"column":45}},"19":{"start":{"line":63,"column":2},"end":{"line":63,"column":48}},"20":{"start":{"line":66,"column":0},"end":{"line":75,"column":1}},"21":{"start":{"line":67,"column":2},"end":{"line":69,"column":4}},"22":{"start":{"line":68,"column":4},"end":{"line":68,"column":48}},"23":{"start":{"line":70,"column":2},"end":{"line":70,"column":28}},"24":{"start":{"line":73,"column":2},"end":{"line":73,"column":28}},"25":{"start":{"line":74,"column":2},"end":{"line":74,"column":17}},"26":{"start":{"line":77,"column":0},"end":{"line":89,"column":5}},"27":{"start":{"line":78,"column":2},"end":{"line":78,"column":15}},"28":{"start":{"line":79,"column":2},"end":{"line":79,"column":36}},"29":{"start":{"line":80,"column":2},"end":{"line":87,"column":5}},"30":{"start":{"line":81,"column":4},"end":{"line":81,"column":89}},"31":{"start":{"line":82,"column":4},"end":{"line":86,"column":6}},"32":{"start":{"line":84,"column":8},"end":{"line":84,"column":47}},"33":{"start":{"line":88,"column":2},"end":{"line":88,"column":13}},"34":{"start":{"line":91,"column":0},"end":{"line":91,"column":54}},"35":{"start":{"line":93,"column":0},"end":{"line":116,"column":1}},"36":{"start":{"line":94,"column":2},"end":{"line":94,"column":23}},"37":{"start":{"line":95,"column":2},"end":{"line":95,"column":28}},"38":{"start":{"line":96,"column":2},"end":{"line":96,"column":50}},"39":{"start":{"line":97,"column":2},"end":{"line":101,"column":3}},"40":{"start":{"line":98,"column":4},"end":{"line":100,"column":5}},"41":{"start":{"line":99,"column":6},"end":{"line":99,"column":27}},"42":{"start":{"line":103,"column":2},"end":{"line":105,"column":3}},"43":{"start":{"line":104,"column":4},"end":{"line":104,"column":15}},"44":{"start":{"line":107,"column":2},"end":{"line":107,"column":34}},"45":{"start":{"line":109,"column":2},"end":{"line":109,"column":30}},"46":{"start":{"line":110,"column":2},"end":{"line":113,"column":3}},"47":{"start":{"line":111,"column":4},"end":{"line":111,"column":43}},"48":{"start":{"line":112,"column":4},"end":{"line":112,"column":72}},"49":{"start":{"line":115,"column":2},"end":{"line":115,"column":13}},"50":{"start":{"line":118,"column":0},"end":{"line":133,"column":1}},"51":{"start":{"line":119,"column":2},"end":{"line":132,"column":3}},"52":{"start":{"line":120,"column":4},"end":{"line":131,"column":13}},"53":{"start":{"line":121,"column":6},"end":{"line":130,"column":8}},"54":{"start":{"line":122,"column":8},"end":{"line":128,"column":9}},"55":{"start":{"line":123,"column":10},"end":{"line":123,"column":24}},"56":{"start":{"line":124,"column":10},"end":{"line":126,"column":11}},"57":{"start":{"line":125,"column":12},"end":{"line":125,"column":47}},"58":{"start":{"line":127,"column":10},"end":{"line":127,"column":21}},"59":{"start":{"line":129,"column":8},"end":{"line":129,"column":41}},"60":{"start":{"line":135,"column":0},"end":{"line":148,"column":2}},"61":{"start":{"line":136,"column":2},"end":{"line":147,"column":3}},"62":{"start":{"line":137,"column":4},"end":{"line":144,"column":5}},"63":{"start":{"line":138,"column":6},"end":{"line":138,"column":44}},"64":{"start":{"line":139,"column":6},"end":{"line":139,"column":39}},"65":{"start":{"line":140,"column":6},"end":{"line":140,"column":34}},"66":{"start":{"line":142,"column":6},"end":{"line":142,"column":23}},"67":{"start":{"line":143,"column":6},"end":{"line":143,"column":17}},"68":{"start":{"line":146,"column":4},"end":{"line":146,"column":22}},"69":{"start":{"line":150,"column":0},"end":{"line":160,"column":1}},"70":{"start":{"line":151,"column":2},"end":{"line":151,"column":15}},"71":{"start":{"line":152,"column":2},"end":{"line":158,"column":5}},"72":{"start":{"line":153,"column":4},"end":{"line":157,"column":6}},"73":{"start":{"line":155,"column":8},"end":{"line":155,"column":29}},"74":{"start":{"line":159,"column":2},"end":{"line":159,"column":13}},"75":{"start":{"line":162,"column":0},"end":{"line":166,"column":2}},"76":{"start":{"line":163,"column":2},"end":{"line":163,"column":38}},"77":{"start":{"line":164,"column":2},"end":{"line":164,"column":31}},"78":{"start":{"line":165,"column":2},"end":{"line":165,"column":27}},"79":{"start":{"line":169,"column":0},"end":{"line":169,"column":39}},"80":{"start":{"line":170,"column":0},"end":{"line":170,"column":41}},"81":{"start":{"line":173,"column":0},"end":{"line":173,"column":17}},"82":{"start":{"line":174,"column":0},"end":{"line":174,"column":48}},"83":{"start":{"line":175,"column":0},"end":{"line":175,"column":44}},"84":{"start":{"line":176,"column":0},"end":{"line":176,"column":48}},"85":{"start":{"line":177,"column":0},"end":{"line":177,"column":45}},"86":{"start":{"line":179,"column":0},"end":{"line":185,"column":1}},"87":{"start":{"line":180,"column":2},"end":{"line":184,"column":9}},"88":{"start":{"line":181,"column":4},"end":{"line":183,"column":5}},"89":{"start":{"line":182,"column":6},"end":{"line":182,"column":46}},"90":{"start":{"line":187,"column":0},"end":{"line":187,"column":28}}},"branchMap":{"1":{"line":41,"type":"if","locations":[{"start":{"line":41,"column":0},"end":{"line":41,"column":0}},{"start":{"line":41,"column":0},"end":{"line":41,"column":0}}]},"2":{"line":51,"type":"if","locations":[{"start":{"line":51,"column":2},"end":{"line":51,"column":2}},{"start":{"line":51,"column":2},"end":{"line":51,"column":2}}]},"3":{"line":60,"type":"if","locations":[{"start":{"line":60,"column":2},"end":{"line":60,"column":2}},{"start":{"line":60,"column":2},"end":{"line":60,"column":2}}]},"4":{"line":96,"type":"binary-expr","locations":[{"start":{"line":96,"column":12},"end":{"line":96,"column":25}},{"start":{"line":96,"column":29},"end":{"line":96,"column":49}}]},"5":{"line":97,"type":"if","locations":[{"start":{"line":97,"column":2},"end":{"line":97,"column":2}},{"start":{"line":97,"column":2},"end":{"line":97,"column":2}}]},"6":{"line":103,"type":"if","locations":[{"start":{"line":103,"column":2},"end":{"line":103,"column":2}},{"start":{"line":103,"column":2},"end":{"line":103,"column":2}}]},"7":{"line":103,"type":"binary-expr","locations":[{"start":{"line":103,"column":6},"end":{"line":103,"column":21}},{"start":{"line":103,"column":25},"end":{"line":103,"column":29}}]},"8":{"line":122,"type":"if","locations":[{"start":{"line":122,"column":8},"end":{"line":122,"column":8}},{"start":{"line":122,"column":8},"end":{"line":122,"column":8}}]},"9":{"line":136,"type":"if","locations":[{"start":{"line":136,"column":2},"end":{"line":136,"column":2}},{"start":{"line":136,"column":2},"end":{"line":136,"column":2}}]}},"code":["/*","","The MIT License (MIT)","","Original Library ","  - Copyright (c) Marak Squires","","Additional functionality"," - Copyright (c) Sindre Sorhus <sindresorhus@gmail.com> (sindresorhus.com)","","Permission is hereby granted, free of charge, to any person obtaining a copy","of this software and associated documentation files (the \"Software\"), to deal","in the Software without restriction, including without limitation the rights","to use, copy, modify, merge, publish, distribute, sublicense, and/or sell","copies of the Software, and to permit persons to whom the Software is","furnished to do so, subject to the following conditions:","","The above copyright notice and this permission notice shall be included in","all copies or substantial portions of the Software.","","THE SOFTWARE IS PROVIDED \"AS IS\", WITHOUT WARRANTY OF ANY KIND, EXPRESS OR","IMPLIED, INCLUDING BUT NOT LIMITED TO THE WARRANTIES OF MERCHANTABILITY,","FITNESS FOR A PARTICULAR PURPOSE AND NONINFRINGEMENT. IN NO EVENT SHALL THE","AUTHORS OR COPYRIGHT HOLDERS BE LIABLE FOR ANY CLAIM, DAMAGES OR OTHER","LIABILITY, WHETHER IN AN ACTION OF CONTRACT, TORT OR OTHERWISE, ARISING FROM,","OUT OF OR IN CONNECTION WITH THE SOFTWARE OR THE USE OR OTHER DEALINGS IN","THE SOFTWARE.","","*/","","var colors = {};","module['exports'] = colors;","","colors.themes = {};","","var ansiStyles = colors.styles = require('./styles');","var defineProps = Object.defineProperties;","","colors.supportsColor = require('./system/supports-colors');","","if (typeof colors.enabled === \"undefined\") {","  colors.enabled = colors.supportsColor;","}","","colors.stripColors = colors.strip = function(str){","  return (\"\" + str).replace(/\\x1B\\[\\d+m/g, '');","};","","","var stylize = colors.stylize = function stylize (str, style) {","  if (!colors.enabled) {","    return str+'';","  }","","  return ansiStyles[style].open + str + ansiStyles[style].close;","}","","var matchOperatorsRe = /[|\\\\{}()[\\]^$+*?.]/g;","var escapeStringRegexp = function (str) {","  if (typeof str !== 'string') {","    throw new TypeError('Expected a string');","  }","  return str.replace(matchOperatorsRe,  '\\\\$&');","}","","function build(_styles) {","  var builder = function builder() {","    return applyStyle.apply(builder, arguments);","  };","  builder._styles = _styles;","  // __proto__ is used because we must return a function, but there is","  // no way to create a function with a different prototype.","  builder.__proto__ = proto;","  return builder;","}","","var styles = (function () {","  var ret = {};","  ansiStyles.grey = ansiStyles.gray;","  Object.keys(ansiStyles).forEach(function (key) {","    ansiStyles[key].closeRe = new RegExp(escapeStringRegexp(ansiStyles[key].close), 'g');","    ret[key] = {","      get: function () {","        return build(this._styles.concat(key));","      }","    };","  });","  return ret;","})();","","var proto = defineProps(function colors() {}, styles);","","function applyStyle() {","  var args = arguments;","  var argsLen = args.length;","  var str = argsLen !== 0 && String(arguments[0]);","  if (argsLen > 1) {","    for (var a = 1; a < argsLen; a++) {","      str += ' ' + args[a];","    }","  }","","  if (!colors.enabled || !str) {","    return str;","  }","","  var nestedStyles = this._styles;","","  var i = nestedStyles.length;","  while (i--) {","    var code = ansiStyles[nestedStyles[i]];","    str = code.open + str.replace(code.closeRe, code.open) + code.close;","  }","","  return str;","}","","function applyTheme (theme) {","  for (var style in theme) {","    (function(style){","      colors[style] = function(str){","        if (typeof theme[style] === 'object'){","          var out = str;","          for (var i in theme[style]){","            out = colors[theme[style][i]](out);","          }","          return out;","        }","        return colors[theme[style]](str);","      };","    })(style)","  }","}","","colors.setTheme = function (theme) {","  if (typeof theme === 'string') {","    try {","      colors.themes[theme] = require(theme);","      applyTheme(colors.themes[theme]);","      return colors.themes[theme];","    } catch (err) {","      console.log(err);","      return err;","    }","  } else {","    applyTheme(theme);","  }","};","","function init() {","  var ret = {};","  Object.keys(styles).forEach(function (name) {","    ret[name] = {","      get: function () {","        return build([name]);","      }","    };","  });","  return ret;","}","","var sequencer = function sequencer (map, str) {","  var exploded = str.split(\"\"), i = 0;","  exploded = exploded.map(map);","  return exploded.join(\"\");","};","","// custom formatter methods","colors.trap = require('./custom/trap');","colors.zalgo = require('./custom/zalgo');","","// maps","colors.maps = {};","colors.maps.america = require('./maps/america');","colors.maps.zebra = require('./maps/zebra');","colors.maps.rainbow = require('./maps/rainbow');","colors.maps.random = require('./maps/random')","","for (var map in colors.maps) {","  (function(map){","    colors[map] = function (str) {","      return sequencer(colors.maps[map], str);","    }","  })(map)","}","","defineProps(colors, init());"],"l":{"31":1,"32":1,"34":1,"36":1,"37":1,"39":1,"41":1,"42":1,"45":1,"46":0,"50":1,"51":31,"52":0,"55":31,"58":1,"59":1,"60":34,"61":0,"63":34,"66":1,"67":0,"68":0,"70":0,"73":0,"74":0,"77":1,"78":1,"79":1,"80":1,"81":34,"82":34,"84":0,"88":1,"91":1,"93":1,"94":0,"95":0,"96":0,"97":0,"98":0,"99":0,"103":0,"104":0,"107":0,"109":0,"110":0,"111":0,"112":0,"115":0,"118":1,"119":0,"120":0,"121":0,"122":0,"123":0,"124":0,"125":0,"127":0,"129":0,"135":1,"136":0,"137":0,"138":0,"139":0,"140":0,"142":0,"143":0,"146":0,"150":1,"151":1,"152":1,"153":34,"155":0,"159":1,"162":1,"163":0,"164":0,"165":0,"169":1,"170":1,"173":1,"174":1,"175":1,"176":1,"177":1,"179":1,"180":4,"181":4,"182":0,"187":1}},"/home/travis/build/npmtest/node-npmtest-supererror/node_modules/supererror/node_modules/colors/lib/styles.js":{"path":"/home/travis/build/npmtest/node-npmtest-supererror/node_modules/supererror/node_modules/colors/lib/styles.js","s":{"1":1,"2":1,"3":1,"4":1,"5":34,"6":34,"7":34,"8":34},"b":{},"f":{"1":34},"fnMap":{"1":{"name":"(anonymous_1)","line":72,"loc":{"start":{"line":72,"column":27},"end":{"line":72,"column":42}}}},"statementMap":{"1":{"start":{"line":26,"column":0},"end":{"line":26,"column":16}},"2":{"start":{"line":27,"column":0},"end":{"line":27,"column":27}},"3":{"start":{"line":29,"column":0},"end":{"line":70,"column":2}},"4":{"start":{"line":72,"column":0},"end":{"line":77,"column":3}},"5":{"start":{"line":73,"column":2},"end":{"line":73,"column":23}},"6":{"start":{"line":74,"column":2},"end":{"line":74,"column":31}},"7":{"start":{"line":75,"column":2},"end":{"line":75,"column":40}},"8":{"start":{"line":76,"column":2},"end":{"line":76,"column":41}}},"branchMap":{},"code":["/*","The MIT License (MIT)","","Copyright (c) Sindre Sorhus <sindresorhus@gmail.com> (sindresorhus.com)","","Permission is hereby granted, free of charge, to any person obtaining a copy","of this software and associated documentation files (the \"Software\"), to deal","in the Software without restriction, including without limitation the rights","to use, copy, modify, merge, publish, distribute, sublicense, and/or sell","copies of the Software, and to permit persons to whom the Software is","fur
[...]
d":{"line":159,"column":75}},"78":{"start":{"line":160,"column":8},"end":{"line":160,"column":25}},"79":{"start":{"line":164,"column":8},"end":{"line":164,"column":25}},"80":{"start":{"line":165,"column":8},"end":{"line":171,"column":10}},"81":{"start":{"line":176,"column":2},"end":{"line":176,"column":27}},"82":{"start":{"line":194,"column":0},"end":{"line":229,"column":2}},"83":{"start":{"line":196,"column":2},"end":{"line":196,"column":18}},"84":{"start":{"line":197,"column":2},"end":{"line":197,"column":17}},"85":{"start":{"line":199,"column":2},"end":{"line":201,"column":3}},"86":{"start":{"line":200,"column":4},"end":{"line":200,"column":14}},"87":{"start":{"line":204,"column":2},"end":{"line":217,"column":3}},"88":{"start":{"line":205,"column":4},"end":{"line":205,"column":23}},"89":{"start":{"line":206,"column":4},"end":{"line":214,"column":5}},"90":{"start":{"line":207,"column":6},"end":{"line":207,"column":41}},"91":{"start":{"line":208,"column":11},"end":{"line":214,"column":5}},"92":{"start":{"line":209,"column":6},"end":{"line":209,"column":41}},"93":{"start":{"line":210,"column":11},"end":{"line":214,"column":5}},"94":{"start":{"line":211,"column":6},"end":{"line":211,"column":41}},"95":{"start":{"line":213,"column":6},"end":{"line":213,"column":41}},"96":{"start":{"line":215,"column":4},"end":{"line":215,"column":52}},"97":{"start":{"line":216,"column":4},"end":{"line":216,"column":39}},"98":{"start":{"line":219,"column":2},"end":{"line":224,"column":3}},"99":{"start":{"line":220,"column":4},"end":{"line":220,"column":34}},"100":{"start":{"line":223,"column":4},"end":{"line":223,"column":45}},"101":{"start":{"line":227,"column":2},"end":{"line":227,"column":61}},"102":{"start":{"line":228,"column":2},"end":{"line":228,"column":16}}},"branchMap":{"1":{"line":27,"type":"binary-expr","locations":[{"start":{"line":27,"column":16},"end":{"line":27,"column":27}},{"start":{"line":27,"column":31},"end":{"line":27,"column":32}}]},"2":{"line":28,"type":"binary-expr","locations":[{"start":{"line":28,"column":12},"end":{"line":28,"column":19}},{"start":{"line":28,"column":23},"end":{"line":28,"column":25}}]},"3":{"line":29,"type":"binary-expr","locations":[{"start":{"line":29,"column":26},"end":{"line":29,"column":47}},{"start":{"line":29,"column":51},"end":{"line":29,"column":66}}]},"4":{"line":30,"type":"binary-expr","locations":[{"start":{"line":30,"column":22},"end":{"line":30,"column":39}},{"start":{"line":30,"column":43},"end":{"line":30,"column":50}}]},"5":{"line":31,"type":"binary-expr","locations":[{"start":{"line":31,"column":22},"end":{"line":31,"column":39}},{"start":{"line":31,"column":43},"end":{"line":31,"column":50}}]},"6":{"line":32,"type":"binary-expr","locations":[{"start":{"line":32,"column":24},"end":{"line":32,"column":43}},{"start":{"line":32,"column":47},"end":{"line":32,"column":53}}]},"7":{"line":33,"type":"binary-expr","locations":[{"start":{"line":33,"column":31},"end":{"line":33,"column":57}},{"start":{"line":33,"column":61},"end":{"line":33,"column":62}}]},"8":{"line":36,"type":"binary-expr","locations":[{"start":{"line":36,"column":24},"end":{"line":36,"column":43}},{"start":{"line":36,"column":47},"end":{"line":36,"column":51}}]},"9":{"line":42,"type":"if","locations":[{"start":{"line":42,"column":4},"end":{"line":42,"column":4}},{"start":{"line":42,"column":4},"end":{"line":42,"column":4}}]},"10":{"line":42,"type":"binary-expr","locations":[{"start":{"line":42,"column":8},"end":{"line":42,"column":34}},{"start":{"line":43,"column":8},"end":{"line":43,"column":33}},{"start":{"line":43,"column":37},"end":{"line":43,"column":51}},{"start":{"line":44,"column":2},"end":{"line":44,"column":23}}]},"11":{"line":47,"type":"if","locations":[{"start":{"line":47,"column":4},"end":{"line":47,"column":4}},{"start":{"line":47,"column":4},"end":{"line":47,"column":4}}]},"12":{"line":47,"type":"binary-expr","locations":[{"start":{"line":47,"column":8},"end":{"line":47,"column":33}},{"start":{"line":47,"column":37},"end":{"line":47,"column":63}}]},"13":{"line":51,"type":"if","locations":[{"start":{"line":51,"column":4},"end":{"line":51,"column":4}},{"start":{"line":51,"column":4},"end":{"line":51,"column":4}}]},"14":{"line":51,"type":"binary-expr","locations":[{"start":{"line":51,"column":8},"end":{"line":51,"column":28}},{"start":{"line":51,"column":32},"end":{"line":51,"column":47}}]},"15":{"line":52,"type":"if","locations":[{"start":{"line":52,"column":6},"end":{"line":52,"column":6}},{"start":{"line":52,"column":6},"end":{"line":52,"column":6}}]},"16":{"line":52,"type":"binary-expr","locations":[{"start":{"line":52,"column":10},"end":{"line":52,"column":30}},{"start":{"line":52,"column":34},"end":{"line":52,"column":64}}]},"17":{"line":69,"type":"if","locations":[{"start":{"line":69,"column":4},"end":{"line":69,"column":4}},{"start":{"line":69,"column":4},"end":{"line":69,"column":4}}]},"18":{"line":73,"type":"if","locations":[{"start":{"line":73,"column":4},"end":{"line":73,"column":4}},{"start":{"line":73,"column":4},"end":{"line":73,"column":4}}]},"19":{"line":75,"type":"cond-expr","locations":[{"start":{"line":75,"column":35},"end":{"line":75,"column":61}},{"start":{"line":75,"column":64},"end":{"line":75,"column":69}}]},"20":{"line":80,"type":"if","locations":[{"start":{"line":80,"column":4},"end":{"line":80,"column":4}},{"start":{"line":80,"column":4},"end":{"line":80,"column":4}}]},"21":{"line":83,"type":"if","locations":[{"start":{"line":83,"column":4},"end":{"line":83,"column":4}},{"start":{"line":83,"column":4},"end":{"line":83,"column":4}}]},"22":{"line":86,"type":"if","locations":[{"start":{"line":86,"column":4},"end":{"line":86,"column":4}},{"start":{"line":86,"column":4},"end":{"line":86,"column":4}}]},"23":{"line":89,"type":"if","locations":[{"start":{"line":89,"column":4},"end":{"line":89,"column":4}},{"start":{"line":89,"column":4},"end":{"line":89,"column":4}}]},"24":{"line":92,"type":"if","locations":[{"start":{"line":92,"column":4},"end":{"line":92,"column":4}},{"start":{"line":92,"column":4},"end":{"line":92,"column":4}}]},"25":{"line":100,"type":"if","locations":[{"start":{"line":100,"column":2},"end":{"line":100,"column":2}},{"start":{"line":100,"column":2},"end":{"line":100,"column":2}}]},"26":{"line":103,"type":"if","locations":[{"start":{"line":103,"column":7},"end":{"line":103,"column":7}},{"start":{"line":103,"column":7},"end":{"line":103,"column":7}}]},"27":{"line":109,"type":"if","locations":[{"start":{"line":109,"column":7},"end":{"line":109,"column":7}},{"start":{"line":109,"column":7},"end":{"line":109,"column":7}}]},"28":{"line":111,"type":"if","locations":[{"start":{"line":111,"column":4},"end":{"line":111,"column":4}},{"start":{"line":111,"column":4},"end":{"line":111,"column":4}}]},"29":{"line":117,"type":"if","locations":[{"start":{"line":117,"column":8},"end":{"line":117,"column":8}},{"start":{"line":117,"column":8},"end":{"line":117,"column":8}}]},"30":{"line":124,"type":"if","locations":[{"start":{"line":124,"column":8},"end":{"line":124,"column":8}},{"start":{"line":124,"column":8},"end":{"line":124,"column":8}}]},"31":{"line":138,"type":"if","locations":[{"start":{"line":138,"column":7},"end":{"line":138,"column":7}},{"start":{"line":138,"column":7},"end":{"line":138,"column":7}}]},"32":{"line":147,"type":"if","locations":[{"start":{"line":147,"column":6},"end":{"line":147,"column":6}},{"start":{"line":147,"column":6},"end":{"line":147,"column":6}}]},"33":{"line":153,"type":"if","locations":[{"start":{"line":153,"column":6},"end":{"line":153,"column":6}},{"start":{"line":153,"column":6},"end":{"line":153,"column":6}}]},"34":{"line":158,"type":"if","locations":[{"start":{"line":158,"column":6},"end":{"line":158,"column":6}},{"start":{"line":158,"column":6},"end":{"line":158,"column":6}}]},"35":{"line":158,"type":"binary-expr","locations":[{"start":{"line":158,"column":10},"end":{"line":158,"column":33}},{"start":{"line":158,"column":38},"end":{"line":158,"column":46}},{"start":{"line":158,"column":50},"end":{"line":158,"column":63}}]},"36":{"line":167,"type":"cond-expr","locations":[{"start":{"line":167,"column":39},"end":{"line":167,"column":58}},{"start":{"line":167,"column":61},"end":{"line":167,"column":68}}]},"37":{"line":167,"type":"binary-expr","locations":[{"start":{"line":167,"column":12},"end":{"line":167,"column":19}},{"start":{"line":167,"column":23},"end":{"line":167,"column":36}}]},"38":{"line":199,"type":"if","locations":[{"start":{"line":199,"column":2},"end":{"line":199,"column":2}},{"start":{"line":199,"column":2},"end":{"line":199,"column":2}}]},"39":{"line":199,"type":"binary-expr","locations":[{"start":{"line":199,"column":6},"end":{"line":199,"column":30}},{"start":{"line":199,"column":34},"end":{"line":199,"column":45}}]},"40":{"line":204,"type":"if","locations":[{"start":{"line":204,"column":2},"end":{"line":204,"column":2}},{"start":{"line":204,"column":2},"end":{"line":204,"column":2}}]},"41":{"line":204,"type":"binary-expr","locations":[{"start":{"line":204,"column":6},"end":{"line":204,"column":21}},{"start":{"line":204,"column":25},"end":{"line":204,"column":40}}]},"42":{"line":206,"type":"if","locations":[{"start":{"line":206,"column":4},"end":{"line":206,"column":4}},{"start":{"line":206,"column":4},"end":{"line":206,"column":4}}]},"43":{"line":208,"type":"if","locations":[{"start":{"line":208,"column":11},"end":{"line":208,"column":11}},{"start":{"line":208,"column":11},"end":{"line":208,"column":11}}]},"44":{"line":210,"type":"if","locations":[{"start":{"line":210,"column":11},"end":{"line":210,"column":11}},{"start":{"line":210,"column":11},"end":{"line":210,"column":11}}]}},"code":["'use strict';","","// ### Module dependencies","require('colors');","var Utils = require('./utils');","","exports.version = require('../package.json').version;","","// ### Render function","// *Parameters:*","//","// * **`data`**: Data to render","// * **`options`**: Hash with different options to configure the parser","// * **`indentation`**: Base indentation of the parsed output","//","// *Example of options hash:*","//","//     {","//       emptyArrayMsg: '(empty)', // Rendered message on empty strings","//       keysColor: 'blue',        // Color for keys in hashes","//       dashColor: 'red',         // Color for the dashes in arrays","//       stringColor: 'grey',      // Color for strings","//       defaultIndentation: 2     // Indentation on nested objects","//     }","exports.render = function render(data, options, indentation) {","  // Default values","  indentation = indentation || 0;","  options = options || {};","  options.emptyArrayMsg = options.emptyArrayMsg || '(empty array)';","  options.keysColor = options.keysColor || 'green';","  options.dashColor = options.dashColor || 'green';","  options.numberColor = options.numberColor || 'blue';","  options.defaultIndentation = options.defaultIndentation || 2;","  options.noColor = !!options.noColor;","","  options.stringColor = options.stringColor || null;","","  var output = [];","","  // Helper function to detect if an object can be directly serializable","  var isSerializable = function(input, onlyPrimitives) {","    if (typeof input === 'boolean' ||","        typeof input === 'number' || input === null ||","\t\tinput instanceof Date) {","      return true;","    }","    if (typeof input === 'string' && input.indexOf('\\n') === -1) {","      return true;","    }","","    if (options.inlineArrays && !onlyPrimitives) {","      if (Array.isArray(input) && isSerializable(input[0], true)) {","        return true;","      }","    }","","    return false;","  };","","  var indentLines = function(string, spaces){","    var lines = string.split('\\n');","    lines = lines.map(function(line){","      return Utils.indent(spaces) + line;","    });","    return lines.join('\\n');","  };","","  var addColorToData = function(input) {","    if (options.noColor) {","      return input;","    }","","    if (typeof input === 'string') {","      // Print strings in regular terminal color","      return options.stringColor ? input[options.stringColor] : input;","    }","","    var sInput = input + '';","","    if (input === true) {","      return sInput.green;","    }","    if (input === false) {","      return sInput.red;","    }","    if (input === null) {","      return sInput.grey;","    }","    if (typeof input === 'number') {","      return sInput[options.numberColor];","    }","    if (Array.isArray(input)) {","      return input.join(', ');","    }","","    return sInput;","  };","","  // Render a string exactly equal","  if (isSerializable(data)) {","    output.push(Utils.indent(indentation) + addColorToData(data));","  }","  else if (typeof data === 'string') {","    //unserializable string means it's multiline","    output.push(Utils.indent(indentation) + '\"\"\"');","    output.push(indentLines(data, indentation + options.defaultIndentation));","    output.push(Utils.indent(indentation) + '\"\"\"');","  }","  else if (Array.isArray(data)) {","    // If the array is empty, render the `emptyArrayMsg`","    if (data.length === 0) {","      output.push(Utils.indent(indentation) + options.emptyArrayMsg);","    } else {","      data.forEach(function(element) {","        // Prepend the dash at the begining of each array's element line","        var line = ('- ');","        if (!options.noColor) {","          line = line[options.dashColor];","        }","        line = Utils.indent(indentation) + line;","","        // If the element of the array is a string, bool, number, or null","        // render it in the same line","        if (isSerializable(element)) {","          line += exports.render(element, options);","          output.push(line);","","        // If the element is an array or object, render it in next line","        } else {","          output.push(line);","          output.push(exports.render(","            element, options, indentation + options.defaultIndentation","          ));","        }","      });","    }","  }","  else if (typeof data === 'object') {","    // Get the size of the longest index to align all the values","    var maxIndexLength = Utils.getMaxIndexLength(data);","    var key;","    var isError = data instanceof Error;","","    Object.getOwnPropertyNames(data).forEach(function(i) {","      // Prepend the index at the beginning of the line","      key = (i + ': ');","      if (!options.noColor) {","        key = key[options.keysColor];","      }","      key = Utils.indent(indentation) + key;","","      // Skip `undefined`, it's not a valid JSON value.","      if (data[i] === undefined) {","        return;","      }","","      // If the value is serializable, render it in the same line","      if (isSerializable(data[i]) && (!isError || i !== 'stack')) {","        key += exports.render(data[i], options, maxIndexLength - i.length);","        output.push(key);","","        // If the index is an array or object, render it in next line","      } else {","        output.push(key);","        output.push(","          exports.render(","            isError && i === 'stack' ? data[i].split('\\n') : data[i],","            options,","            indentation + options.defaultIndentation","          )","        );","      }","    });","  }","  // Return all the lines as a string","  return output.join('\\n');","};","","// ### Render from string function","// *Parameters:*","//","// * **`data`**: Data to render as a string","// * **`options`**: Hash with different options to configure the parser","// * **`indentation`**: Base indentation of the parsed output","//","// *Example of options hash:*","//","//     {","//       emptyArrayMsg: '(empty)', // Rendered message on empty strings","//       keysColor: 'blue',        // Color for keys in hashes","//       dashColor: 'red',         // Color for the dashes in arrays","//       defaultIndentation: 2     // Indentation on nested objects","//     }","exports.renderString = function renderString(data, options, indentation) {","","  var output = '';","  var parsedData;","  // If the input is not a string or if it's empty, just return an empty string","  if (typeof data !== 'string' || data === '') {","    return '';","  }","","  // Remove non-JSON characters from the beginning string","  if (data[0] !== '{' && data[0] !== '[') {","    var beginingOfJson;","    if (data.indexOf('{') === -1) {","      beginingOfJson = data.indexOf('[');","    } else if (data.indexOf('[') === -1) {","      beginingOfJson = data.indexOf('{');","    } else if (data.indexOf('{') < data.indexOf('[')) {","      beginingOfJson = data.indexOf('{');","    } else {","      beginingOfJson = data.indexOf('[');","    }","    output += data.substr(0, beginingOfJson) + '\\n';","    data = data.substr(beginingOfJson);","  }","","  try {","    parsedData = JSON.parse(data);","  } catch (e) {","    // Return an error in case of an invalid JSON","    return 'Error:'.red + ' Not valid JSON!';","  }","","  // Call the real render() method","  output += exports.render(parsedData, options, indentation);","  return output;","};",""],"l":{"4":1,"5":1,"7":1,"25":1,"27":0,"28":0,"29":0,"30":0,"31":0,"32":0,"33":0,"34":0,"36":0,"38":0,"41":0,"42":0,"45":0,"47":0,"48":0,"51":0,"52":0,"53":0,"57":0,"60":0,"61":0,"62":0,"63":0,"65":0,"68":0,"69":0,"70":0,"73":0,"75":0,"78":0,"80":0,"81":0,"83":0,"84":0,"86":0,"87":0,"89":0,"90":0,"92":0,"93":0,"96":0,"100":0,"101":0,"103":0,"105":0,"106":0,"107":0,"109":0,"111":0,"112":0,"114":0,"116":0,"117":0,"118":0,"120":0,"124":0,"125":0,"126":0,"130":0,"131":0,"138":0,"140":0,"141":0,"142":0,"144":0,"146":0,"147":0,"148":0,"150":0,"153":0,"154":0,"158":0,"159":0,"160":0,"164":0,"165":0,"176":0,"194":1,"196":0,"197":0,"199":0,"200":0,"204":0,"205":0,"206":0,"207":0,"208":0,"209":0,"210":0,"211":0,"213":0,"215":0,"216":0,"219":0,"220":0,"223":0,"227":0,"228":0}},"/home/travis/build/npmtest/node-npmtest-supererror/node_modules/supererror/node_modules/prettyjson/lib/utils.js":{"path":"/home/travis/build/npmtest/node-npmtest-supererror/node_modules/supererror/node_modules/prettyjson/lib/utils.js","s":{"1":1,"2":0,"3":1,"4":0,"5":0,"6":0,"7":0,"8":0,"9":0},"b":{"1":[0,0]},"f":{"1":0,"2":0,"3":0},"fnMap":{"1":{"name":"indent","line":6,"loc":{"start":{"line":6,"column":17},"end":{"line":6,"column":44}}},"2":{"name":"(anonymous_2)","line":13,"loc":{"start":{"line":13,"column":28},"end":{"line":13,"column":44}}},"3":{"name":"(anonymous_3)","line":16,"loc":{"start":{"line":16,"column":44},"end":{"line":16,"column":58}}}},"statementMap":{"1":{"start":{"line":6,"column":0},"end":{"line":8,"column":2}},"2":{"start":{"line":7,"column":2},"end":{"line":7,"column":42}},"3":{"start":{"line":13,"column":0},"end":{"line":25,"column":2}},"4":{"start":{"line":14,"column":2},"end":{"line":14,"column":19}},"5":{"start":{"line":16,"column":2},"end":{"line":23,"column":5}},"6":{"start":{"line":18,"column":4},"end":{"line":20,"column":5}},"7":{"start":{"line":19,"column":6},"end":{"line":19,"column":13}},"8":{"start":{"line":22,"column":4},"end":{"line":22,"column":46}},"9":{"start":{"line":24,"column":2},"end":{"line":24,"column":18}}},"branchMap":{"1":{"line":18,"type":"if","locations":[{"start":{"line":18,"column":4},"end":{"line":18,"column":4}},{"start":{"line":18,"column":4},"end":{"line":18,"column":4}}]}},"code":["'use strict';","","/**"," * Creates a string with the same length as `numSpaces` parameter"," **/","exports.indent = function indent(numSpaces) {","  return new Array(numSpaces+1).join(' ');","};","","/**"," * Gets the string length of the longer index in a hash"," **/","exports.getMaxIndexLength = function(input) {","  var maxWidth = 0;","","  Object.getOwnPropertyNames(input).forEach(function(key) {","    // Skip undefined values.","    if (input[key] === undefined) {","      return;","    }","","    maxWidth = Math.max(maxWidth, key.length);","  });","  return maxWidth;","};",""],"l":{"6":1,"7":0,"13":1,"14":0,"16":0,"18":0,"19":0,"22":0,"24":0}}}